415
#Here is the number of lines required: 61
##start
Ift5 1 1
##end
Mft6 3 3
Q_f8 6 6
Ctx7 9 9
Hex6 11 11
Zko2 15 15
Api8 20 20
Gbf8 22 22
Qpu4 25 25
Aif6 27 27
Iyf6 30 30
Hlj6 32 32
Dxl0 36 36
Zwk4 40 40
Gb_9 43 43
Hjg4 46 46
F_v0 49 49
Zgw5 53 53
Tbb2 57 57
Edn7 62 62
Pgr0 67 67
Tvt9 72 72
Kgj7 75 75
Waw3 77 77
Jld8 82 82
Sep0 84 84
Fsi2 88 88
Ctc7 91 91
Sue7 94 94
Htk8 96 96
Qpn5 98 98
Fgu6 101 101
Ukb1 105 105
Hod6 107 107
Xiv2 111 111
B_x8 113 113
Zzc8 115 115
Tat6 120 120
Htb3 122 122
D_n7 123 123
Hou3 126 126
Msn6 128 128
Ill9 132 132
Cfs9 136 136
S_b8 138 138
Nfv4 141 141
Cpw6 144 144
Pxl7 147 147
Qxv6 150 150
Xao7 152 152
Ddu2 154 154
Dso6 158 158
Bcm0 162 162
Cqc5 166 166
Fsa4 168 168
Sas5 173 173
Zxv9 176 176
Qbt0 178 178
Dhc0 180 180
Spj2 183 183
Zof1 186 186
Fpj9 191 191
Owv2 192 192
Xyh0 193 193
Vnu8 195 195
Zbz6 199 199
Yji6 204 204
Bci6 207 207
Ecr1 210 210
Xgp4 211 211
Owb2 212 212
Zxe3 215 215
Kj_1 218 218
Dri1 223 223
Ayi0 225 225
Czz7 228 228
Q_w0 231 231
Eld9 235 235
Nun6 239 239
Dau3 244 244
Wvn4 247 247
Isd1 248 248
Wjh4 253 253
Roh4 255 255
Zu_9 256 256
Rxa3 259 259
Dxc5 263 263
Neg9 264 264
Wfy6 265 265
Ehd5 267 267
Ub_4 272 272
Nc_5 274 274
Nqx2 276 276
Ero4 278 278
Zlr2 280 280
Vgh6 284 284
Qwf3 285 285
Sty6 288 288
Qxz7 291 291
Hr_3 296 296
Jep6 299 299
Hcv9 303 303
Ahi3 307 307
Aqj2 309 309
Ukg4 311 311
Mps2 315 315
Iiu7 320 320
Cvd3 323 323
Y_f8 325 325
Xfm6 329 329
Ieg8 332 332
Wnv2 334 334
Jms0 336 336
Kto2 341 341
Hfn2 345 345
Vag5 350 350
Rmy9 351 351
Gij9 354 354
Pdx6 356 356
Iyx9 357 357
Gyd6 359 359
Ipc6 363 363
Jcm9 367 367
Mwm1 370 370
Mwp7 371 371
Yjw7 376 376
Igi6 379 379
Ame3 380 380
Pve5 384 384
C_g3 388 388
Wpr8 391 391
Wno2 396 396
Upp4 399 399
Zhq9 403 403
Xvr0 407 407
Xuy1 408 408
Plx3 410 410
Fkk4 414 414
Yuq5 417 417
Igc0 419 419
Tkj2 422 422
Nya2 424 424
Foi9 426 426
B_i1 429 429
Esz9 434 434
Eog0 437 437
Mnd8 440 440
Xre3 442 442
Tyi5 447 447
R_f9 451 451
Zhu9 453 453
Xhm1 454 454
Dds4 459 459
Cgl3 461 461
Nam9 462 462
Etp7 465 465
Xkd0 470 470
E_b4 474 474
Gcx3 479 479
Wo_2 482 482
Po_0 483 483
Vhk2 486 486
Afe8 490 490
Vis5 493 493
Rh_6 495 495
Dx_0 499 499
Xtu8 502 502
A_g8 506 506
Gfd5 509 509
Ta_7 514 514
Tq_4 518 518
Qe_6 522 522
Dwa1 524 524
Jjh2 526 526
Ddn0 530 530
Ijw4 532 532
Dp_6 537 537
Hk_6 539 539
Orp0 541 541
Zab8 544 544
Iqy0 546 546
Pov0 547 547
Qts7 550 550
Yf_1 554 554
Ef_3 557 557
Ee_2 562 562
Pl_3 566 566
Mnq7 570 570
Nhq3 572 572
Go_1 576 576
I_s8 578 578
Cwr7 579 579
Rgz4 583 583
Vgb0 586 586
W__3 588 588
Bbn5 593 593
Ubg4 597 597
Vjd9 600 600
H_s1 603 603
Ga_3 605 605
Djy5 606 606
Yij4 611 611
Mjl5 615 615
Tbv4 618 618
Dmu6 621 621
Axt6 626 626
Wpb6 630 630
K_s3 634 634
Hht2 637 637
Wth0 639 639
Rym1 640 640
Snd4 644 644
Zwf4 649 649
Kox2 651 651
Opp2 654 654
Uev3 657 657
P_q4 659 659
X_v5 662 662
Gjp0 667 667
Qhd3 670 670
Iyw8 673 673
Nd_3 677 677
Xf_0 680 680
Dzu4 682 682
Cn_8 685 685
Uap7 689 689
Pss6 692 692
Pkf5 696 696
Uqk2 701 701
Mrd8 702 702
Biz9 704 704
Wau5 705 705
T_g7 708 708
Yns5 712 712
Twe0 715 715
Mfd0 719 719
Ubs8 722 722
Mx_4 724 724
Bvc6 729 729
Buw9 732 732
Whv9 734 734
Phj7 737 737
Jgn8 739 739
St_0 741 741
Pdp3 746 746
Kzb4 749 749
B_s6 753 753
Ezn9 757 757
Nq_6 760 760
Pap9 764 764
Iek1 768 768
Oct2 771 771
Ehk5 775 775
Bes9 777 777
Wlt8 781 781
Jsj9 785 785
Wow8 786 786
Axy6 791 791
Wis9 793 793
Sho0 796 796
Jxk4 797 797
Fll7 799 799
Xyb5 802 802
Fbr7 805 805
Qmn8 809 809
Ddt4 812 812
Fwu4 816 816
Ppi9 820 820
Aie9 825 825
X_z7 826 826
T_l6 827 827
Rra0 831 831
Wyg7 834 834
D_p5 837 837
Dpd5 839 839
Ahm9 840 840
Ryk7 842 842
Wtj7 845 845
Y_w2 848 848
Dwi5 851 851
Qsc2 853 853
Krd0 856 856
Gbi8 858 858
T_r4 862 862
Zsi0 865 865
Rwo5 867 867
Tse2 870 870
Sgw9 872 872
Cgu8 875 875
X_r7 879 879
O_r4 882 882
Tk_0 885 885
Gis2 887 887
Oen8 892 892
Wlm8 895 895
Dw_8 899 899
Yzz3 903 903
J_c2 908 908
Oio1 911 911
Esf5 913 913
Xao1 916 916
Jrh7 919 919
Rmi0 921 921
Vrd6 924 924
Wkz7 927 927
Bqv6 931 931
Pbd5 936 936
Svw9 937 937
Nta6 939 939
Tf_2 941 941
V_s3 943 943
Zwl2 945 945
Jgv3 948 948
Tuf5 951 951
H_m6 954 954
Qzd5 959 959
Mr_5 964 964
Zwg8 966 966
Oei8 970 970
Yyc9 972 972
Ihk1 974 974
Qa_2 978 978
Xqn7 981 981
Umb6 985 985
Feu5 986 986
Huf3 987 987
Gdt3 992 992
Swi1 995 995
Fzp2 998 998
Dnd4 1001 1001
Ajt6 1004 1004
Nx_7 1008 1008
Gzf8 1010 1010
Mkp4 1014 1014
Kbt3 1016 1016
Jwz9 1021 1021
Xrh8 1022 1022
H_x4 1026 1026
Zhz4 1031 1031
He_9 1032 1032
Cvl9 1036 1036
S_g5 1037 1037
Dyu6 1039 1039
Edr9 1043 1043
Gwq0 1046 1046
Cxn7 1048 1048
Acq4 1053 1053
Hpa6 1057 1057
Fzn1 1059 1059
Jud8 1061 1061
Yvt6 1066 1066
Gdn8 1068 1068
Rqg2 1072 1072
Rli9 1075 1075
Zrv6 1077 1077
Z_j4 1079 1079
R__3 1084 1084
Cwe3 1087 1087
Dvp6 1091 1091
Wbn2 1095 1095
Gkz3 1096 1096
Rns8 1100 1100
Tqm4 1102 1102
Tyy7 1104 1104
Wfd4 1107 1107
Xzq9 1109 1109
Tpp5 1111 1111
Zeb3 1114 1114
Kuz1 1116 1116
Mga1 1121 1121
Uyd7 1124 1124
Awi3 1127 1127
Iry9 1129 1129
Xln7 1133 1133
Qxo0 1136 1136
Tkp9 1138 1138
Rm_6 1142 1142
Jmg0 1144 1144
Ws_3 1147 1147
Upj0 1150 1150
Bxl1 1153 1153
Bvl6 1156 1156
Hoj5 1159 1159
Ovf2 1163 1163
Jzl7 1166 1166
Big6 1167 1167
Z_p1 1169 1169
Jql2 1174 1174
Okj6 1175 1175
Bys6 1178 1178
Ssj5 1181 1181
Dgx2 1186 1186
W_f1 1187 1187
Eb_0 1191 1191
Dsr2 1193 1193
Kl_4 1194 1194
Raj9 1197 1197
Ssr5 1199 1199
Phc9 1203 1203
Kqp5 1204 1204
Ce_5 1207 1207
Rcc5 1211 1211
O_y6 1214 1214
Miq8 1217 1217
Kdt7 1220 1220
Crq2 1222 1222
Jjl3 1225 1225
Aob8 1230 1230
Obo8 1233 1233
Wwy4 1236 1236
Cek1 1239 1239
Odp2 1242 1242
Dvq3 1245 1245
Hsc9 1248 1248
Omr2 1250 1250
Zjk9 1252 1252
Z_c8 1256 1256
Zp_9 1260 1260
E__6 1264 1264
Yvx9 1269 1269
Ewr0 1271 1271
Mao0 1272 1272
Tr_3 1276 1276
Izi3 1279 1279
Uwe9 1282 1282
Wzz6 1286 1286
Oyn8 1289 1289
Fxn7 1292 1292
Bnt0 1296 1296
Iwf0 1300 1300
Mv_2 1303 1303
Muc2 1305 1305
Fp_8 1306 1306
Nh_7 1309 1309
Tzh3 1312 1312
Bnp7 1314 1314
X_x7 1318 1318
G_a4 1320 1320
Pow4 1321 1321
Y_u1 1326 1326
Frr4 1329 1329
H__8 1334 1334
Kix3 1338 1338
Zhn1 1342 1342
Zak3 1347 1347
Vxr4 1349 1349
Unk5 1352 1352
Ygw9 1353 1353
Hue3 1358 1358
Njx5 1362 1362
Tkj8 1364 1364
Wso2 1367 1367
Ysn9 1369 1369
O_p3 1373 1373
Ql_6 1374 1374
Itx6 1376 1376
Nld2 1381 1381
G_r6 1385 1385
Xgc4 1388 1388
Vby2 1391 1391
P_d4 1394 1394
Ak_9 1395 1395
Tz_3 1400 1400
T_y0 1403 1403
F_c7 1406 1406
Hbd7 1409 1409
Cnu4 1412 1412
Jrz8 1417 1417
Cxl4 1421 1421
Nyt3 1425 1425
Icb4 1428 1428
Ack6 1433 1433
Xel5 1436 1436
Xe_6 1437 1437
Zgl6 1440 1440
Eyz8 1444 1444
Vma6 1446 1446
At_7 1448 1448
Dek9 1450 1450
Jvr5 1453 1453
Vqu4 1457 1457
Wiy8 1459 1459
Avv4 1462 1462
Qfg1 1465 1465
Zaq2 1469 1469
Byt5 1472 1472
Pnc4 1474 1474
Ow_1 1476 1476
Cal3 1481 1481
T_l7 1483 1483
Eub1 1485 1485
Vub5 1490 1490
Czo6 1493 1493
Tjp0 1498 1498
Va_9 1502 1502
Jtz2 1506 1506
Z_c6 1507 1507
Ikg9 1510 1510
Nge6 1513 1513
Jtb8 1515 1515
Ois2 1516 1516
Uyj4 1518 1518
Mdu8 1521 1521
Jr_8 1523 1523
Pqh0 1525 1525
Mn_9 1529 1529
Mmb6 1530 1530
Fmr7 1533 1533
Dwb8 1536 1536
Cws0 1537 1537
Oip8 1542 1542
G_m5 1543 1543
Yqz8 1547 1547
Zqq5 1552 1552
Avi2 1555 1555
Rzv9 1556 1556
Svb3 1559 1559
W_i6 1562 1562
Avx7 1565 1565
Dh_7 1570 1570
Iv_8 1571 1571
Zaj6 1574 1574
Rxz6 1577 1577
Spc4 1579 1579
I_v3 1583 1583
Ihv3 1586 1586
Xb_6 1589 1589
Vsz4 1592 1592
Xfi2 1595 1595
Rv_7 1598 1598
Ai_1 1601 1601
Hyy7 1604 1604
Fzs8 1607 1607
Gif9 1609 1609
Kug9 1611 1611
Yvl6 1614 1614
Gv_2 1616 1616
Fxt8 1619 1619
Byc1 1622 1622
Zia5 1626 1626
Ksn8 1627 1627
Aqw7 1631 1631
Tte3 1634 1634
Ug_3 1636 1636
Tuu6 1638 1638
Gie3 1641 1641
Ksu7 1642 1642
S__1 1647 1647
Sza8 1649 1649
Bzs4 1653 1653
Bpm5 1657 1657
Yrb8 1659 1659
Cia1 1663 1663
Rom6 1665 1665
D_a4 1669 1669
Iwi9 1674 1674
Jhb9 1678 1678
Yye6 1683 1683
Bzk1 1684 1684
Ztf5 1688 1688
Ega6 1691 1691
Tfk2 1696 1696
Quy3 1700 1700
Umh4 1703 1703
Wxn1 1708 1708
Ulx4 1712 1712
Jxo6 1714 1714
P_f2 1716 1716
Oaj1 1719 1719
Vgc0 1723 1723
Rkn0 1727 1727
Ct_6 1729 1729
Wac9 1733 1733
Pfj5 1735 1735
Avy2 1738 1738
Zqc7 1740 1740
Cua9 1745 1745
Hnh6 1749 1749
Zwr0 1753 1753
Fki5 1754 1754
Re_7 1758 1758
Kup7 1763 1763
Xgi9 1764 1764
Iq_9 1767 1767
A_s3 1772 1772
Jcl1 1776 1776
Iqf8 1779 1779
Gvt3 1784 1784
Edl3 1789 1789
Cix5 1792 1792
Hln5 1795 1795
Rpp0 1799 1799
J_o0 1803 1803
Cha9 1805 1805
Mnt3 1810 1810
Zlh1 1813 1813
Stk6 1815 1815
Run1 1817 1817
Qwa0 1821 1821
Dhp4 1823 1823
Ijn8 1826 1826
Edb5 1828 1828
Tgn7 1831 1831
Flq7 1832 1832
Ciy9 1833 1833
Bpi2 1836 1836
Uno3 1839 1839
Qqw0 1842 1842
Dni3 1846 1846
H_l8 1848 1848
Vj_4 1850 1850
Npz8 1854 1854
Ojk2 1857 1857
Jzo6 1859 1859
Xbj6 1861 1861
K__5 1865 1865
Kge7 1868 1868
Oax4 1870 1870
A__1 1873 1873
Rcj4 1877 1877
Ehc5 1881 1881
Ild1 1882 1882
Qcc2 1887 1887
Pmh5 1889 1889
Qvl8 1892 1892
Tar6 1894 1894
Ix_0 1896 1896
Uup9 1898 1898
Jsu5 1899 1899
Afs3 1900 1900
Ahu0 1905 1905
Kep8 1906 1906
Two7 1909 1909
Enm7 1911 1911
Yyt0 1914 1914
Xgx3 1917 1917
Tku4 1920 1920
Aib9 1923 1923
Tey0 1927 1927
Hig3 1930 1930
Qnh7 1935 1935
Nwp4 1939 1939
Qmt9 1941 1941
Udj6 1944 1944
Wht9 1947 1947
Qpv2 1950 1950
Dyq7 1954 1954
Qcn7 1958 1958
Qet5 1962 1962
Fpv3 1964 1964
Pog8 1965 1965
Byc7 1968 1968
X_s3 1972 1972
Oov8 1977 1977
Qsi2 1981 1981
W_u5 1985 1985
Xjf8 1987 1987
Tma8 1991 1991
Eyw0 1995 1995
Axf2 1996 1996
Hn_4 1997 1997
X_u7 2001 2001
Bit9 2004 2004
Jka9 2007 2007
Mwp8 2012 2012
Uof6 2016 2016
Gwm2 2021 2021
Mig4 2024 2024
Sam7 2027 2027
Ngb1 2032 2032
Iej6 2036 2036
Auu6 2037 2037
Ccm7 2038 2038
Mmw6 2042 2042
Tsz4 2044 2044
Xe_4 2049 2049
In_5 2053 2053
Jsk1 2057 2057
Miw5 2059 2059
Eg_5 2064 2064
Khf5 2067 2067
Zv_3 2072 2072
Wvx3 2075 2075
Xed3 2077 2077
N_w5 2081 2081
Crh1 2083 2083
Srf6 2086 2086
Mas0 2089 2089
Raj1 2092 2092
Cei2 2094 2094
Tnr5 2097 2097
Svw0 2101 2101
Rpn5 2102 2102
Rqn0 2105 2105
H_y7 2109 2109
Ffp2 2113 2113
Bae2 2116 2116
Pkp0 2119 2119
Ulm9 2124 2124
W_k7 2127 2127
Ygh6 2130 2130
Baq8 2132 2132
Z__8 2134 2134
Exh2 2136 2136
Jn_1 2141 2141
Fzc3 2144 2144
Xlk8 2147 2147
Hoq1 2150 2150
Qo_2 2154 2154
Nqp2 2159 2159
Dpf8 2163 2163
Fbr0 2167 2167
Jei0 2172 2172
P_z5 2176 2176
Vfb3 2179 2179
Wot3 2182 2182
Wqf5 2185 2185
Skq1 2187 2187
Ckt9 2189 2189
Ulq0 2193 2193
Zth2 2198 2198
Zua8 2203 2203
Sdk6 2206 2206
Rlz3 2209 2209
H_e9 2212 2212
Nnk0 2215 2215
Hkz8 2218 2218
Bks5 2222 2222
Cps6 2223 2223
Uqv7 2228 2228
Hzf9 2231 2231
Ajf4 2233 2233
S_l1 2236 2236
Pdt9 2239 2239
St_6 2243 2243
Acy4 2247 2247
Zys7 2250 2250
Nxq3 2253 2253
Dyl2 2254 2254
Vqx7 2257 2257
Zbq0 2261 2261
Xqi3 2262 2262
Wtp2 2267 2267
Aav1 2270 2270
Dh_3 2272 2272
Nzz4 2277 2277
Iik8 2280 2280
Ylj5 2283 2283
Z_o3 2288 2288
Ewp0 2291 2291
Ieo2 2293 2293
Bnk6 2294 2294
Biw1 2296 2296
Hik0 2298 2298
Etg6 2299 2299
Isb3 2302 2302
Sdj0 2305 2305
Cvv2 2307 2307
Uts7 2312 2312
Bl_2 2316 2316
Jla5 2319 2319
Tjd3 2322 2322
S__6 2323 2323
Wyx1 2328 2328
Vsz5 2329 2329
Twd3 2333 2333
E__9 2336 2336
Cew8 2340 2340
Poi4 2344 2344
X_c4 2349 2349
D_a6 2352 2352
Wun5 2356 2356
Zjy5 2358 2358
Nc_4 2363 2363
W_g5 2368 2368
Mtl3 2370 2370
Vfa2 2373 2373
Aue4 2376 2376
Uve1 2379 2379
X_o6 2382 2382
S_p8 2383 2383
Mxg4 2388 2388
Akv5 2393 2393
Vhm6 2396 2396
Tos5 2399 2399
Sae9 2402 2402
Hbi3 2404 2404
D_h7 2406 2406
Ior6 2411 2411
Vok6 2413 2413
U_q2 2415 2415
R_g0 2419 2419
Bon3 2422 2422
Qeu9 2424 2424
Sxf5 2426 2426
We_1 2429 2429
Orq6 2430 2430
X_d8 2432 2432
Hje5 2436 2436
Izr2 2440 2440
U_v2 2442 2442
Qzc9 2445 2445
Hkk5 2447 2447
Wxi0 2450 2450
Wrq1 2453 2453
B_q1 2458 2458
Ay_5 2461 2461
Emq7 2464 2464
Dee5 2466 2466
Oam5 2469 2469
Ifg7 2473 2473
Ktt6 2477 2477
Iy_7 2480 2480
Uyj9 2484 2484
Jw_5 2485 2485
Zhh9 2488 2488
Cin5 2491 2491
Tlo6 2495 2495
Ige6 2497 2497
Jzg2 2501 2501
Ewo7 2504 2504
Rtf5 2505 2505
Z_g5 2507 2507
Diu2 2509 2509
Bew7 2512 2512
Dyi9 2513 2513
X_p5 2516 2516
Afb7 2519 2519
Xke6 2523 2523
Ovg6 2528 2528
Gq_7 2531 2531
Dvv2 2533 2533
Pby1 2536 2536
U_b9 2538 2538
Mwg7 2542 2542
Sjq5 2543 2543
Nps5 2545 2545
Iny1 2549 2549
Jva2 2553 2553
Hw_3 2557 2557
Ao_6 2559 2559
Tzp8 2564 2564
Fqq7 2566 2566
Bvh3 2569 2569
Hcf6 2574 2574
Hjd9 2577 2577
Duy5 2578 2578
Gmc1 2583 2583
Tdz9 2586 2586
B_f5 2591 2591
Wgm9 2596 2596
Osq9 2597 2597
Sml8 2598 2598
Oty0 2600 2600
Ign5 2601 2601
Elz0 2602 2602
V_l1 2605 2605
V_u2 2608 2608
Zmv7 2611 2611
Ihs1 2614 2614
Il_7 2618 2618
Uuj6 2621 2621
Fpx0 2625 2625
Zfn7 2628 2628
Rje3 2630 2630
Cqm8 2633 2633
Xo_9 2636 2636
Tdy4 2638 2638
Um_7 2639 2639
J_v2 2641 2641
Zzf0 2643 2643
Jdq9 2645 2645
Rmx7 2648 2648
Ucp1 2649 2649
Ykx3 2654 2654
Whj1 2656 2656
Uzm8 2658 2658
Wvi2 2661 2661
Ui_8 2662 2662
Kcp8 2666 2666
Rbj6 2669 2669
Al_2 2672 2672
Jjo7 2676 2676
Xdr0 2678 2678
Zp_2 2683 2683
Myl8 2688 2688
Mcg7 2692 2692
Gnx0 2695 2695
M_y4 2697 2697
Myl6 2701 2701
Ajt9 2704 2704
Wkt8 2709 2709
Tan4 2712 2712
Azi6 2715 2715
Mpd5 2717 2717
Ypl0 2721 2721
Euj5 2724 2724
S_w1 2727 2727
Qty7 2730 2730
Oyk5 2732 2732
Huv3 2735 2735
Nyo0 2738 2738
Uuf3 2742 2742
Bla3 2744 2744
I_q1 2747 2747
Rhq1 2751 2751
Y_y0 2753 2753
Qg_5 2758 2758
Mgi8 2761 2761
Idn4 2764 2764
Shk0 2769 2769
Qss1 2773 2773
Iot1 2777 2777
Fjb9 2780 2780
Ny_2 2782 2782
Xwm4 2784 2784
E_i9 2788 2788
Adf6 2790 2790
Gcp7 2792 2792
Ekj3 2796 2796
Pgg9 2798 2798
Xzl6 2802 2802
Pvy7 2806 2806
Hfd5 2808 2808
Ez_6 2812 2812
Swc3 2815 2815
Mmg5 2817 2817
Dfw3 2821 2821
Aud1 2825 2825
Omg2 2829 2829
Pxd0 2831 2831
Ybu2 2834 2834
Anb1 2836 2836
Jyb5 2841 2841
Nne7 2843 2843
Rnq4 2847 2847
Vkc0 2850 2850
J_e8 2852 2852
Nha8 2854 2854
Yv_6 2857 2857
Atl3 2862 2862
Yde3 2864 2864
Obw0 2868 2868
W_z9 2871 2871
Wpf9 2873 2873
Yeh2 2876 2876
Qzy6 2881 2881
Jtu2 2884 2884
Ngc3 2887 2887
Jev0 2891 2891
Mcs8 2894 2894
Xct8 2897 2897
Ycz7 2899 2899
Qzl2 2902 2902
Ucq4 2906 2906
Epo5 2909 2909
Ybt7 2911 2911
Cud5 2915 2915
Jzj2 2917 2917
Zfc3 2920 2920
Gmv5 2922 2922
W_u8 2925 2925
Boe8 2927 2927
Smr8 2928 2928
Yzn7 2931 2931
Pnm2 2933 2933
V__7 2935 2935
N_x6 2939 2939
Ate0 2942 2942
Sgw5 2943 2943
Qx_3 2945 2945
Gul0 2948 2948
Nfq3 2953 2953
Wkc4 2957 2957
Hv_3 2959 2959
Jph1 2960 2960
Dnf2 2962 2962
Kbr6 2964 2964
Ixb4 2967 2967
Gty2 2969 2969
Ixr8 2974 2974
Emi0 2976 2976
B_j2 2978 2978
Zdd7 2979 2979
Dsw6 2983 2983
Hnx9 2985 2985
Dpw8 2987 2987
Dvy8 2989 2989
Ruk1 2991 2991
Xck0 2994 2994
Dyb0 2997 2997
U_z4 2998 2998
R_k1 3000 3000
Enr0 3002 3002
Moq6 3003 3003
Tqs2 3007 3007
Byj6 3009 3009
Hbv0 3012 3012
Uce6 3017 3017
Olv7 3018 3018
Kxd7 3021 3021
Oso9 3025 3025
Sd_2 3027 3027
Oeh5 3030 3030
Qqg8 3034 3034
Fdn1 3036 3036
Pxj9 3037 3037
Spm2 3040 3040
Sxe4 3041 3041
Nmp8 3044 3044
Ccd6 3048 3048
Meq4 3051 3051
Xu_3 3054 3054
Sod0 3059 3059
Ene8 3063 3063
Hac2 3065 3065
Erp5 3067 3067
Bzv6 3071 3071
Fed0 3074 3074
N_k6 3077 3077
Vaj6 3080 3080
Ujx4 3085 3085
D_w7 3089 3089
Boi7 3092 3092
Hit0 3097 3097
Frh5 3098 3098
Ivl2 3101 3101
Pjw2 3104 3104
Nxe3 3109 3109
Gfp7 3111 3111
Pdd6 3114 3114
Saj3 3118 3118
Pqx3 3119 3119
Ced2 3123 3123
Ytz8 3127 3127
Jta3 3131 3131
Oy_2 3136 3136
Nut5 3139 3139
Sha7 3142 3142
Mup8 3145 3145
Ddi6 3147 3147
Zvs8 3150 3150
Caq3 3153 3153
Ndb8 3157 3157
M_p2 3161 3161
Jhq9 3163 3163
Rbo1 3168 3168
F_o0 3171 3171
Zhk7 3173 3173
Aa_6 3175 3175
Ru_3 3177 3177
W_a0 3182 3182
Unl3 3187 3187
Tbu2 3191 3191
Kiq5 3192 3192
Mos3 3194 3194
Arr5 3197 3197
Dgb7 3198 3198
Zzn3 3201 3201
Xcf7 3204 3204
Rfd8 3209 3209
N_l3 3213 3213
Bz_6 3215 3215
Jxj6 3220 3220
Q_i7 3223 3223
Hnd5 3226 3226
Yc_6 3229 3229
Bue2 3231 3231
Tka3 3233 3233
Cbq6 3237 3237
Qqq1 3242 3242
Qqd0 3244 3244
Dcr4 3247 3247
Gc_7 3250 3250
Biq0 3252 3252
Hwy4 3253 3253
Yrf2 3258 3258
Qus4 3260 3260
Dec9 3262 3262
Zes1 3267 3267
Hyz1 3270 3270
Gst8 3273 3273
Ass0 3276 3276
Mvn5 3281 3281
Dn_6 3283 3283
Cer1 3286 3286
Cbb2 3287 3287
Num4 3289 3289
Afw6 3291 3291
Jgo8 3295 3295
Kqh9 3298 3298
Jou5 3300 3300
Shq3 3305 3305
Dab6 3308 3308
Ynk9 3313 3313
Ytc3 3316 3316
Cgp3 3319 3319
Z_j0 3321 3321
Wgd4 3325 3325
E_v7 3330 3330
Ouy9 3331 3331
Ceh9 3333 3333
Kya5 3335 3335
Atc6 3339 3339
Ihw3 3343 3343
Cdy1 3346 3346
Itr8 3350 3350
Rwc6 3354 3354
Pjw8 3358 3358
Omz7 3361 3361
Hyh0 3362 3362
Zol6 3364 3364
Pr_8 3369 3369
Zuc2 3370 3370
Vey0 3371 3371
Qll1 3373 3373
Ub_7 3375 3375
Hbm7 3378 3378
Ose6 3382 3382
Yfq2 3384 3384
Cnw3 3385 3385
Iis3 3386 3386
Agg4 3389 3389
Kns0 3393 3393
Nzf3 3395 3395
V_d6 3397 3397
Hio2 3400 3400
Yaq3 3402 3402
Rfc8 3403 3403
Epp8 3407 3407
Mm_2 3410 3410
Nkq6 3412 3412
Ghg0 3416 3416
Eng7 3419 3419
Peu6 3423 3423
Wbs0 3428 3428
Yhc3 3430 3430
Ytw6 3431 3431
Auh8 3433 3433
S_n0 3435 3435
Jau5 3438 3438
Fdi6 3441 3441
Nuq3 3442 3442
Mbe3 3444 3444
Nfs8 3449 3449
Vo_0 3452 3452
Gij4 3455 3455
Uqh8 3457 3457
I_r0 3460 3460
Ozo7 3465 3465
Qkp7 3469 3469
Iip1 3471 3471
Gho3 3474 3474
Mat0 3476 3476
Njr2 3477 3477
Vph8 3480 3480
Gwb9 3483 3483
Jkz9 3487 3487
Gli5 3488 3488
Eng4 3492 3492
Mif9 3495 3495
Ujp0 3497 3497
Ocz2 3499 3499
Ara6 3502 3502
Pjg9 3507 3507
Ydq4 3509 3509
U_j8 3513 3513
H_h8 3517 3517
Trx9 3518 3518
Gdk7 3520 3520
H_p4 3521 3521
Chk5 3524 3524
Maf7 3527 3527
Ips8 3531 3531
I_u7 3533 3533
M__9 3537 3537
Vgf9 3540 3540
Xsv9 3544 3544
Pgv6 3547 3547
Bxn7 3551 3551
Irm0 3554 3554
C_p6 3557 3557
W_x5 3560 3560
Upm1 3561 3561
Bu_9 3565 3565
B_z0 3567 3567
Sff8 3570 3570
Yz_4 3574 3574
Ngg9 3577 3577
Ret7 3580 3580
Cbq2 3581 3581
Jvv3 3584 3584
Omy4 3587 3587
Icj0 3588 3588
Mtj6 3592 3592
Sbj2 3596 3596
Je_6 3599 3599
App0 3602 3602
Y_x3 3604 3604
Agt8 3605 3605
Vxt5 3607 3607
Fzt3 3610 3610
Jyp8 3612 3612
Coq8 3615 3615
K_t5 3618 3618
Jkt1 3621 3621
Ffr6 3625 3625
Bgg5 3627 3627
G_a5 3629 3629
Rjv2 3630 3630
Isg2 3633 3633
Dcy9 3637 3637
Cah3 3640 3640
Dlg4 3644 3644
Jwd0 3647 3647
Pe_7 3651 3651
Oo_7 3653 3653
Kph6 3657 3657
Hzn8 3660 3660
Xuv8 3663 3663
Ert0 3665 3665
Uwa0 3666 3666
Tvx7 3670 3670
Msc7 3673 3673
Bew3 3675 3675
Nkp9 3677 3677
Peu2 3678 3678
Elu8 3687 3687
Ptf8 3690 3690
Dve7 3693 3693
Dht4 3697 3697
Bea6 3701 3701
Cwh6 3705 3705
Qyj3 3708 3708
Q_z0 3709 3709
Ot_9 3712 3712
C_f2 3713 3713
G_f4 3716 3716
Nuj6 3721 3721
Xmf3 3722 3722
Sdy2 3723 3723
Sos7 3727 3727
Nt_7 3730 3730
V__8 3734 3734
Oky4 3737 3737
Efr7 3740 3740
Dbw2 3743 3743
Agw7 3744 3744
Blp2 3747 3747
Ctc0 3750 3750
Xsa2 3752 3752
Srg7 3754 3754
F_d1 3758 3758
Njn6 3759 3759
Kio7 3761 3761
Gov2 3764 3764
Amz3 3767 3767
Acz0 3770 3770
Qdw7 3773 3773
Mqj7 3776 3776
Awb0 3780 3780
Owt0 3783 3783
Tfr7 3787 3787
Kcp7 3790 3790
Djb1 3794 3794
T_t9 3796 3796
Hdq3 3797 3797
Nnp9 3800 3800
Den7 3802 3802
Zkf7 3805 3805
Dkm7 3806 3806
Mtt5 3810 3810
Pvf5 3815 3815
Kyj6 3819 3819
Qfi5 3820 3820
Ndh7 3823 3823
Opr8 3826 3826
Vcm4 3830 3830
Aeh5 3832 3832
Syd2 3837 3837
Wsy6 3839 3839
Szn3 3842 3842
Hjr9 3843 3843
Tct3 3846 3846
Fnh7 3849 3849
Nih3 3854 3854
Tnl4 3857 3857
Z_t9 3858 3858
Inr7 3861 3861
Yqe3 3864 3864
Vka6 3867 3867
Xxh0 3870 3870
Be_8 3875 3875
Rxb9 3876 3876
Cpq4 3880 3880
Vbq3 3883 3883
Ctb9 3887 3887
Mqz8 3888 3888
S_t0 3889 3889
Kwr4 3892 3892
Yqd1 3896 3896
Zsp6 3899 3899
Crr4 3901 3901
Hwc4 3903 3903
Cjo4 3905 3905
J__5 3910 3910
Inm9 3913 3913
Gsb3 3917 3917
P_x1 3919 3919
Rrm5 3922 3922
Vcn5 3927 3927
Wao2 3928 3928
Qnr4 3930 3930
Sxt4 3932 3932
Muq7 3934 3934
Doy2 3935 3935
Pqt9 3940 3940
Bfp8 3943 3943
Cpk4 3945 3945
Nwo8 3949 3949
Ebx5 3954 3954
Esr2 3957 3957
Hpz1 3961 3961
Vmf6 3963 3963
Ipk7 3968 3968
Nry5 3971 3971
Gur1 3973 3973
Vtp2 3975 3975
Ujz9 3980 3980
Zen0 3984 3984
Kep7 3987 3987
Xsb2 3988 3988
Odu8 3992 3992
Xpq6 3994 3994
Ypy9 3996 3996
Dy_1 3997 3997
Ahl9 4000 4000
Jki1 4004 4004
Ilr5 4007 4007
Saq6 4010 4010
Wjp1 4011 4011
Ztn2 4013 4013
Eye0 4016 4016
Bmf4 4019 4019
Nzy6 4022 4022
Woj6 4025 4025
Ele7 4030 4030
Egf8 4032 4032
U_r4 4034 4034
Cul0 4036 4036
Yom1 4039 4039
Ptr9 4042 4042
W_j6 4044 4044
Klf8 4048 4048
Apo1 4051 4051
Jlk7 4053 4053
Jjv5 4055 4055
Joo7 4057 4057
Ngt8 4061 4061
Yyb2 4065 4065
Qpn3 4069 4069
Zox4 4073 4073
Htf0 4076 4076
Eru3 4080 4080
Vn_3 4083 4083
Gpm1 4087 4087
Inh3 4089 4089
Fmo1 4090 4090
Fwz9 4094 4094
Mmw2 4097 4097
Xht4 4101 4101
Fsu7 4104 4104
Npu3 4108 4108
Dnh7 4110 4110
Qvg9 4112 4112
Ylh2 4116 4116
G_g4 4119 4119
Sig4 4122 4122
Flm8 4124 4124
Ajy2 4126 4126
Obo1 4131 4131
Kor0 4135 4135
U_a8 4136 4136
Vie6 4139 4139
Ggz5 4142 4142
D_h4 4145 4145
Rg_3 4149 4149
Gef7 4152 4152
Nwy6 4155 4155
Ngs7 4156 4156
H_n9 4158 4158
Qmb6 4160 4160
Ydx3 4164 4164
Sfr7 4167 4167
Vdt6 4170 4170
Nql5 4171 4171
Rww5 4174 4174
Prq7 4176 4176
Xfc1 4181 4181
Nmg7 4183 4183
Vti5 4186 4186
Ii_3 4190 4190
Cej5 4194 4194
R_s6 4195 4195
Wfb3 4200 4200
Rrl6 4203 4203
Kzj2 4207 4207
Dm_3 4210 4210
Klr4 4214 4214
Unb5 4216 4216
Poz1 4219 4219
By_0 4222 4222
Gjq4 4227 4227
Osj7 4232 4232
Dwc6 4236 4236
Ro_4 4238 4238
Bjb9 4240 4240
Jrl3 4245 4245
Rna4 4247 4247
Cj_6 4252 4252
Kkq4 4254 4254
Tyi7 4258 4258
Yrz2 4263 4263
Qyr3 4267 4267
Hrq5 4271 4271
Gpy1 4275 4275
G_w3 4276 4276
Nca7 4281 4281
Yam8 4282 4282
Cfj6 4286 4286
Acs3 4289 4289
E_e8 4292 4292
Pyy6 4295 4295
Vec2 4296 4296
Wbm9 4301 4301
N_q5 4304 4304
Czl7 4307 4307
R_l0 4311 4311
Gbz8 4314 4314
Nwi8 4319 4319
Yps9 4320 4320
Dcs7 4323 4323
Q__7 4324 4324
Oto9 4328 4328
Wrk7 4332 4332
Ubh7 4336 4336
Nc_0 4337 4337
Uan6 4341 4341
Ffk7 4344 4344
Syd0 4349 4349
Ypb6 4353 4353
Xon2 4358 4358
Egr5 4360 4360
Adq0 4363 4363
Joz0 4366 4366
Frt5 4369 4369
Sjk7 4371 4371
Woh5 4374 4374
Pl_1 4379 4379
Y_i7 4384 4384
Afx1 4386 4386
Cgi7 4387 4387
Zpt4 4389 4389
Xb_3 4391 4391
Gjt2 4393 4393
Haa4 4394 4394
Dwx3 4398 4398
Ya_5 4400 4400
J_z5 4403 4403
Gfy2 4404 4404
Mc_0 4408 4408
Bnd5 4412 4412
Zo_8 4413 4413
Xjy2 4414 4414
Dya8 4419 4419
Tjc8 4423 4423
Aax7 4425 4425
Hc_2 4430 4430
Fhh2 4432 4432
Gwn7 4436 4436
Azn8 4440 4440
Sip0 4445 4445
Htb0 4448 4448
Ewj0 4453 4453
Quc1 4455 4455
Gur4 4459 4459
Gjc2 4463 4463
Xwx4 4467 4467
Wkk8 4470 4470
Clh4 4474 4474
Cm_3 4479 4479
Fy_8 4483 4483
Oar8 4487 4487
Ehm8 4491 4491
Tkn7 4494 4494
Cuz2 4497 4497
Rss7 4499 4499
Or_2 4502 4502
Gzs1 4505 4505
Cym3 4508 4508
Enj8 4512 4512
Cun2 4514 4514
Qzk8 4515 4515
Ipg2 4520 4520
E_d1 4521 4521
Igt7 4524 4524
Z_c3 4526 4526
Ulq7 4531 4531
Vpo7 4534 4534
Fqz3 4536 4536
Gje3 4538 4538
H_f8 4542 4542
Z_a3 4545 4545
Xes1 4547 4547
Sol2 4552 4552
Yk_7 4556 4556
G_o6 4559 4559
Htm5 4564 4564
Wpj5 4566 4566
Jms5 4567 4567
Hsk7 4569 4569
Hit3 4570 4570
Wbz8 4571 4571
Ccz6 4575 4575
Wsl6 4578 4578
Xtx5 4583 4583
U_f4 4586 4586
Zov0 4589 4589
Rlp6 4594 4594
Tq_3 4598 4598
Mvb1 4601 4601
Uiu9 4602 4602
Bah1 4606 4606
Evk7 4607 4607
Bxr1 4609 4609
Xst3 4611 4611
C_f4 4612 4612
Dbh7 4614 4614
Tk_5 4617 4617
Mtt8 4621 4621
Mbd7 4625 4625
Vhw1 4628 4628
Gue4 4632 4632
Cm_7 4635 4635
Ioi2 4637 4637
Urh9 4638 4638
Paa2 4641 4641
Qar7 4643 4643
Rbz3 4647 4647
S_e1 4649 4649
Wib0 4652 4652
Sze3 4656 4656
Quh3 4658 4658
Exv2 4662 4662
Cfu9 4663 4663
X_i1 4664 4664
Cw_1 4666 4666
Mqe5 4670 4670
Pmq3 4671 4671
Tv_4 4673 4673
Usj0 4678 4678
Amg6 4681 4681
Hkq8 4684 4684
Uht9 4686 4686
Hef0 4688 4688
Awt3 4690 4690
Xvc9 4695 4695
Csj1 4698 4698
Ihz8 4700 4700
Jbn1 4702 4702
Ypt8 4704 4704
Pvk7 4706 4706
Rhc1 4710 4710
Qvr1 4712 4712
Oe_3 4715 4715
Cvr0 4718 4718
Axi2 4722 4722
Zkj8 4724 4724
Aeu6 4727 4727
Itd9 4729 4729
Uty4 4732 4732
Flu6 4734 4734
Hxw8 4737 4737
Pla2 4740 4740
Dxz8 4742 4742
Zrk5 4745 4745
Cuj1 4748 4748
Owa6 4751 4751
Gkt7 4756 4756
Jqf3 4758 4758
Nnu6 4762 4762
Wkv9 4767 4767
Jr_2 4772 4772
Pen7 4776 4776
Umf3 4778 4778
Xap3 4780 4780
Guh4 4783 4783
Tyv8 4785 4785
Wa_2 4786 4786
I_i8 4791 4791
Wec3 4795 4795
Gkz9 4797 4797
E_h5 4798 4798
Xru9 4803 4803
Fpx3 4806 4806
Mfr2 4809 4809
Ccf6 4812 4812
C_j8 4814 4814
Hsq0 4816 4816
Abx8 4819 4819
R_o1 4821 4821
Owc5 4823 4823
Zgl9 4825 4825
Wwj9 4829 4829
Hhm2 4833 4833
Dyd4 4837 4837
Uzr1 4839 4839
Ukh6 4844 4844
Nsv1 4846 4846
Wgs5 4849 4849
J_n0 4851 4851
Iau4 4853 4853
Y_k2 4857 4857
Yrf3 4860 4860
Bgm9 4862 4862
Pjc6 4864 4864
K_w1 4868 4868
Xbz3 4873 4873
Wqs0 4877 4877
Eju8 4880 4880
Jxw7 4882 4882
Xmd6 4884 4884
Tcd6 4887 4887
Kla4 4891 4891
Kmj6 4893 4893
Z_n9 4894 4894
F_s2 4898 4898
Upo7 4899 4899
Ahk5 4903 4903
Gd_8 4907 4907
Tdc4 4912 4912
Wr_5 4916 4916
Kml1 4920 4920
Stu0 4922 4922
Mkb3 4926 4926
Kcb2 4929 4929
Anl1 4932 4932
Dnt8 4935 4935
Hdk4 4937 4937
Vbv0 4938 4938
S_k6 4941 4941
Xj_6 4944 4944
Sej1 4947 4947
Xwb7 4952 4952
Ovz8 4957 4957
H_g6 4961 4961
Quu8 4964 4964
Xsp0 4968 4968
Ivx3 4972 4972
Fzw9 4974 4974
Bvw9 4976 4976
Znc3 4981 4981
Nhu1 4985 4985
Suk9 4987 4987
Jcf9 4989 4989
J_r4 4991 4991
Nbm1 4994 4994
Aqi8 4995 4995
Uor5 4996 4996
Kvk7 4998 4998
Ids6 5000 5000
Vmu9 5003 5003
Kiu3 5005 5005
Ykf8 5008 5008
Slu8 5011 5011
Mro0 5013 5013
Xbx4 5016 5016
Ufi7 5018 5018
Gwg3 5019 5019
Ugd5 5022 5022
Vsq0 5026 5026
Ah_7 5027 5027
I_e2 5030 5030
W_x0 5035 5035
Vpi9 5040 5040
Giz4 5042 5042
Bxf0 5045 5045
S_l8 5049 5049
Xlh6 5052 5052
Mlr7 5057 5057
Ppg5 5062 5062
Aio3 5064 5064
Uqx6 5069 5069
Xoe1 5072 5072
Szo3 5075 5075
Rl_6 5078 5078
Swt3 5080 5080
Kas8 5084 5084
Nds1 5087 5087
Juz9 5090 5090
Cwj2 5094 5094
Crq1 5097 5097
Yff3 5101 5101
Yyd7 5103 5103
R_u6 5108 5108
Quq0 5113 5113
C_y3 5118 5118
Jgs3 5122 5122
Hie6 5124 5124
Xxv5 5128 5128
G_e5 5133 5133
Rqk6 5135 5135
Drb2 5139 5139
G_x8 5142 5142
Ooq1 5143 5143
C_y2 5146 5146
Fdt2 5149 5149
T_z4 5150 5150
Een1 5153 5153
F_c4 5156 5156
Jxx2 5159 5159
Hxs4 5164 5164
Woe9 5166 5166
Pto8 5167 5167
Gkw1 5168 5168
Xuy7 5171 5171
Rdh8 5175 5175
Ogl3 5177 5177
Cja4 5181 5181
Cmf7 5186 5186
Mba7 5190 5190
J_h4 5195 5195
Aur5 5199 5199
Tjq1 5201 5201
Ouo5 5205 5205
Ail5 5207 5207
Usr0 5210 5210
Sbw2 5215 5215
Doh7 5218 5218
Trc1 5221 5221
Vrk9 5224 5224
Zgp2 5227 5227
Njx1 5231 5231
Xa_8 5235 5235
Bvo5 5237 5237
Jqv7 5241 5241
Dox5 5244 5244
Yks8 5248 5248
Cib8 5253 5253
Bvz8 5256 5256
Pis5 5261 5261
Sya1 5264 5264
H__5 5267 5267
Ho_9 5268 5268
Rlh3 5271 5271
Ugg9 5274 5274
Drb1 5277 5277
Bwz5 5280 5280
Ez_3 5283 5283
Vil7 5284 5284
Dha3 5289 5289
Qhx5 5293 5293
Aqj3 5295 5295
Ahw8 5300 5300
Xc_8 5304 5304
Gqz2 5308 5308
Tof0 5310 5310
D_y2 5315 5315
Qev3 5318 5318
Yec9 5322 5322
Wap5 5325 5325
Bie5 5328 5328
Cdp5 5331 5331
Zve5 5334 5334
Kab7 5335 5335
Mkq7 5338 5338
Iff9 5342 5342
Mo_1 5347 5347
Ekx1 5351 5351
Gmu2 5355 5355
Vhj5 5358 5358
G_w0 5362 5362
Clq8 5367 5367
Tdi3 5370 5370
Ous2 5371 5371
Rij1 5374 5374
G_h9 5377 5377
Zdo9 5381 5381
Joh2 5382 5382
Xvn3 5387 5387
Dug7 5392 5392
Fi_6 5393 5393
Kue8 5396 5396
Etj2 5399 5399
Dmk3 5401 5401
Rcn1 5403 5403
Cyy1 5405 5405
Fkv9 5406 5406
Vne7 5407 5407
Mjg5 5410 5410
Eg_2 5414 5414
Krx6 5417 5417
Xot8 5420 5420
Vfc7 5423 5423
Ngk1 5425 5425
Rts5 5430 5430
Noz9 5433 5433
Qky3 5436 5436
Jsm9 5440 5440
Cfm0 5441 5441
Ml_6 5444 5444
Ilv4 5447 5447
Bmk3 5451 5451
Iwi1 5452 5452
Ytf9 5457 5457
Pnd1 5460 5460
Qkk7 5463 5463
Kua5 5465 5465
Ejx0 5468 5468
Bwr1 5473 5473
Rsa4 5474 5474
Tbm8 5476 5476
Oxz8 5478 5478
Mcr3 5480 5480
Mfl6 5482 5482
Ejg9 5484 5484
Zvz9 5486 5486
P_t6 5487 5487
Hwv8 5490 5490
Nvh6 5493 5493
Pvn2 5496 5496
Wzc1 5501 5501
Kg_6 5505 5505
Phy5 5509 5509
Ggr1 5514 5514
Bln0 5516 5516
Vmg0 5520 5520
Ejq3 5523 5523
Wli1 5527 5527
Esh5 5529 5529
Dof1 5531 5531
Mih0 5534 5534
X__2 5537 5537
E_h4 5538 5538
Myc4 5540 5540
Wqq7 5542 5542
Yt_5 5545 5545
Hrs4 5550 5550
Vmr7 5555 5555
Uuf6 5558 5558
Ulb6 5560 5560
Xnv8 5564 5564
C__8 5566 5566
Jlx1 5570 5570
Yxy7 5572 5572
Gze4 5575 5575
Oay1 5579 5579
Koo9 5581 5581
Rpw9 5582 5582
U_v0 5583 5583
Rki0 5586 5586
Rmz4 5591 5591
Gyi5 5594 5594
Qjb4 5597 5597
Kic6 5600 5600
Nvl9 5602 5602
Fb_9 5605 5605
Gwl2 5608 5608
Pmc9 5609 5609
Rcc0 5612 5612
Cyq5 5616 5616
Hi_7 5619 5619
Iig1 5622 5622
Dtx2 5626 5626
Js_2 5631 5631
Fad5 5634 5634
Udt2 5637 5637
Ekb8 5641 5641
Ptm7 5644 5644
Dgi1 5649 5649
Od_9 5654 5654
Pbv7 5659 5659
Aqz5 5660 5660
Piw3 5661 5661
Hix4 5664 5664
Rak0 5667 5667
Uxl3 5669 5669
Mka5 5673 5673
Gjn4 5674 5674
Du_9 5675 5675
Nwr8 5679 5679
Qn_3 5681 5681
Rke3 5682 5682
Phd5 5685 5685
Pjs8 5687 5687
Fni4 5688 5688
Ytf7 5691 5691
Hom7 5692 5692
Ita9 5695 5695
Jxh0 5699 5699
Yyj6 5702 5702
Nlq3 5706 5706
Ulr3 5711 5711
Ujf7 5715 5715
Xra2 5717 5717
Bhb6 5720 5720
Yu_7 5723 5723
Xsk5 5727 5727
Vaw6 5729 5729
Fmg5 5732 5732
Naf0 5734 5734
Nyr0 5739 5739
U__4 5742 5742
Egy5 5745 5745
Q_i2 5749 5749
Ymg8 5753 5753
Nz_6 5756 5756
Pwx3 5759 5759
Esk7 5760 5760
Hh_4 5761 5761
Zpr2 5763 5763
Jez0 5766 5766
Vzi1 5771 5771
Ir_4 5775 5775
K_b6 5777 5777
A_o2 5782 5782
Gen8 5785 5785
Oue3 5788 5788
Fkb7 5792 5792
Fon1 5794 5794
T__2 5797 5797
Me_2 5799 5799
Wud9 5801 5801
Dxh0 5804 5804
Kaz6 5807 5807
V_g4 5810 5810
Jmi6 5814 5814
Wbw3 5818 5818
Qqi9 5821 5821
Jhf9 5824 5824
Fbc6 5826 5826
Tqr2 5830 5830
Dxs8 5832 5832
Whg9 5836 5836
Nxk8 5841 5841
Eoa5 5846 5846
Kpt0 5849 5849
A_r6 5851 5851
Cuy2 5854 5854
T_n0 5857 5857
Pm_9 5858 5858
Dfu7 5861 5861
Yq_4 5866 5866
Qme3 5867 5867
Mgk1 5870 5870
F_t5 5873 5873
Nim1 5878 5878
Rkl1 5881 5881
Rni6 5882 5882
Rwr8 5884 5884
Vwm0 5886 5886
Hjl4 5889 5889
Y_q2 5892 5892
Jcf5 5896 5896
H__7 5900 5900
Dmw9 5902 5902
Pz_6 5905 5905
Ngb0 5906 5906
Ctu9 5908 5908
Zwa3 5910 5910
Oig8 5914 5914
Ylt2 5918 5918
Xrw5 5920 5920
Ffx3 5925 5925
Gzo2 5929 5929
Oov0 5932 5932
Sss5 5937 5937
Xhf3 5940 5940
Yxu0 5943 5943
Bnf1 5947 5947
Cby0 5948 5948
Jyb3 5952 5952
Zvu3 5955 5955
Wus0 5958 5958
Wds6 5961 5961
Ahf0 5964 5964
Xzr0 5967 5967
Glm8 5970 5970
Hgv6 5974 5974
Sfe3 5975 5975
Jrr4 5978 5978
Tqh4 5980 5980
Rcs5 5985 5985
Yzi7 5990 5990
Nsc6 5993 5993
Dev4 5998 5998
Knb1 6001 6001
Wri8 6002 6002
Iac5 6007 6007
Rvy3 6010 6010
Jmb7 6013 6013
Xyu4 6015 6015
Oat5 6018 6018
Uvl5 6022 6022
Iev3 6025 6025
P_x7 6027 6027
Y_u7 6031 6031
Vqq7 6036 6036
M_z8 6040 6040
Mhi3 6044 6044
Itm5 6048 6048
P_x9 6051 6051
Nof3 6053 6053
B_u5 6054 6054
Ppc3 6058 6058
Utj9 6062 6062
T_o3 6064 6064
Zql4 6068 6068
Hea1 6071 6071
Wwu9 6073 6073
Spc9 6076 6076
Ahj2 6079 6079
Baz6 6081 6081
Dqf9 6084 6084
Cqb0 6086 6086
Qju7 6088 6088
Ad_9 6091 6091
Wtl9 6095 6095
Mqi3 6098 6098
Nej7 6103 6103
J_r5 6107 6107
Iwz9 6111 6111
Ytv7 6112 6112
Jat8 6113 6113
Aam3 6115 6115
Bmt7 6117 6117
Cuc9 6120 6120
Cs_5 6124 6124
F_a8 6127 6127
Duu2 6132 6132
Ki_5 6135 6135
Opw8 6136 6136
Fhu7 6138 6138
Hkz7 6142 6142
Det9 6146 6146
Mn_3 6149 6149
Hz_8 6152 6152
Rae8 6156 6156
Vzg4 6161 6161
Jqc9 6164 6164
Ztu8 6168 6168
Ncs0 6173 6173
Foe6 6174 6174
P_i4 6175 6175
Gig6 6178 6178
Obg5 6180 6180
Wzg2 6185 6185
U_e7 6188 6188
Dfx1 6190 6190
K__0 6193 6193
Xlk4 6196 6196
Hre7 6199 6199
Upy0 6202 6202
Jjs6 6205 6205
Fk_2 6206 6206
Fqe8 6210 6210
Fot9 6214 6214
W_h4 6219 6219
Xnq7 6222 6222
Xxt7 6226 6226
F_o5 6229 6229
Flv7 6231 6231
Stq6 6234 6234
Fon9 6235 6235
Tzl0 6237 6237
Yio7 6241 6241
Mec7 6243 6243
Vbf9 6246 6246
Ew_5 6248 6248
Etz8 6252 6252
Kai4 6256 6256
Iyr2 6258 6258
Qdp5 6262 6262
Ueb1 6264 6264
Mbm0 6269 6269
Rmn1 6272 6272
Ven2 6273 6273
Nzy3 6275 6275
Isn2 6278 6278
Taa8 6282 6282
Nug9 6285 6285
V_q8 6288 6288
Pxx3 6292 6292
Rbx9 6293 6293
Om_6 6296 6296
Hsd7 6300 6300
Zof7 6301 6301
Zti4 6305 6305
Cy_9 6306 6306
Nqu8 6309 6309
Yfq9 6312 6312
Gam4 6315 6315
Z_g3 6318 6318
Qne3 6321 6321
Cdm6 6325 6325
Fsr6 6326 6326
Ef_6 6330 6330
Ddw2 6333 6333
Bc_0 6338 6338
Qnt5 6343 6343
C_h1 6346 6346
A_k5 6348 6348
Eph9 6352 6352
Tot5 6354 6354
Xhr4 6358 6358
Srw7 6361 6361
Yur7 6364 6364
Kje6 6367 6367
Ko_3 6370 6370
Mpe7 6373 6373
Ybt2 6377 6377
Jgc5 6380 6380
Dfr6 6381 6381
Ah_1 6384 6384
Yg_6 6389 6389
D_s2 6392 6392
I_m2 6395 6395
Nwx1 6399 6399
Cwg2 6402 6402
Okc5 6405 6405
Ibo7 6408 6408
Exj8 6412 6412
Mf_1 6415 6415
Uab9 6417 6417
Qff3 6421 6421
Utk5 6423 6423
Bcq5 6425 6425
Pck0 6426 6426
Uuf7 6429 6429
Nul5 6432 6432
Ore9 6436 6436
Rfs8 6438 6438
Hco3 6442 6442
K_o5 6444 6444
Hqp1 6445 6445
Jqc2 6447 6447
Cxj2 6451 6451
Mvg6 6455 6455
Rim0 6458 6458
Cvl1 6462 6462
Nca1 6467 6467
Ybd4 6469 6469
Q_m6 6473 6473
Rst3 6474 6474
Evp4 6478 6478
G_h7 6483 6483
Fi_9 6487 6487
Akk1 6490 6490
Dfn1 6494 6494
Jjq3 6496 6496
Apj3 6497 6497
Qxw1 6501 6501
Jam3 6504 6504
Bnq0 6507 6507
Cmi2 6512 6512
Hnr5 6514 6514
Ibk8 6517 6517
Rst7 6521 6521
Khm8 6523 6523
Knr0 6526 6526
Vkf7 6530 6530
Zij6 6535 6535
Etq5 6538 6538
Fju8 6541 6541
Ntf0 6542 6542
Rfw8 6544 6544
Ds_1 6547 6547
Rro3 6551 6551
I_f7 6556 6556
Dbe8 6561 6561
Myb8 6563 6563
Oju3 6566 6566
Rfy0 6570 6570
Cdr9 6575 6575
Kf_1 6576 6576
Grg2 6579 6579
Cnu2 6583 6583
Ux_1 6586 6586
Edo6 6591 6591
Egw5 6592 6592
Oof6 6596 6596
Fxg6 6598 6598
Vt_0 6603 6603
Vnt0 6607 6607
Tw_1 6610 6610
Ctn7 6614 6614
I_a5 6618 6618
Gog8 6623 6623
Xv_3 6626 6626
Mtj0 6627 6627
Psa5 6628 6628
Tcw1 6633 6633
Gdq6 6635 6635
Saj6 6638 6638
Op_7 6642 6642
Oqf5 6646 6646
Wtd9 6647 6647
Kcj3 6652 6652
Xgp9 6653 6653
Bnn2 6657 6657
Jxm8 6661 6661
Bzh7 6666 6666
Das9 6670 6670
Pys9 6672 6672
Pma5 6675 6675
Ob_3 6678 6678
Vvc8 6682 6682
Tcl1 6686 6686
Ajw0 6687 6687
Om_4 6690 6690
Aoe6 6692 6692
Usa8 6697 6697
Vf_9 6699 6699
Ygp0 6704 6704
Oll9 6709 6709
Eyz0 6710 6710
Ul_2 6713 6713
E_y3 6717 6717
G_z8 6721 6721
U_p5 6725 6725
Tds9 6730 6730
Yhw6 6734 6734
Ixe2 6736 6736
Scj3 6739 6739
Enr8 6744 6744
Ida0 6745 6745
Jds1 6749 6749
Agg8 6753 6753
Cvh4 6756 6756
Ygg3 6759 6759
Tdr6 6760 6760
Bzd8 6762 6762
Nce0 6767 6767
Gq_4 6769 6769
Q_m3 6771 6771
Pfs6 6772 6772
E_u4 6776 6776
Vjq7 6779 6779
Cwg6 6783 6783
Yhw1 6785 6785
U_w3 6789 6789
Fsg9 6791 6791
Oz_7 6792 6792
E_x9 6797 6797
Kwu6 6799 6799
K_p6 6803 6803
Xyi2 6807 6807
Vxn2 6808 6808
Xwd2 6810 6810
D_a2 6811 6811
Ryx2 6814 6814
St_5 6818 6818
Obu1 6823 6823
Dro1 6825 6825
C_s9 6829 6829
Mgc3 6832 6832
O_r2 6835 6835
Fnd6 6838 6838
I_e4 6840 6840
Til9 6841 6841
Imy9 6845 6845
Jtz4 6850 6850
Dcm8 6853 6853
Vtc3 6857 6857
Nwk1 6858 6858
Ijb9 6863 6863
Mcg3 6866 6866
Cjy5 6869 6869
N_i2 6872 6872
Jml4 6877 6877
Rwt0 6882 6882
Zdk5 6883 6883
Bmb5 6884 6884
Oed2 6888 6888
Jyp5 6891 6891
Og_0 6894 6894
Ote1 6897 6897
Jgd5 6902 6902
Eef9 6904 6904
Vyj3 6906 6906
Bla4 6907 6907
Yw_4 6909 6909
Yy_6 6913 6913
Poq0 6918 6918
Srp7 6923 6923
Vmj9 6926 6926
Qau9 6930 6930
Wml3 6933 6933
Ycn7 6936 6936
U_a3 6939 6939
Pgd8 6942 6942
Esu6 6946 6946
Dzh1 6951 6951
Ykg9 6955 6955
Smt2 6959 6959
Ajd5 6960 6960
E_h1 6964 6964
Ssk4 6965 6965
Vqw5 6968 6968
Xor8 6970 6970
Pvw0 6973 6973
Fez4 6977 6977
Iro4 6981 6981
N_k0 6982 6982
Bxq8 6986 6986
Cgq1 6990 6990
Kfj1 6993 6993
Ety1 6998 6998
B__6 7001 7001
Wxz4 7005 7005
Nmf3 7008 7008
Ncz2 7011 7011
Xah3 7012 7012
Tv_8 7014 7014
Dsr4 7017 7017
Zgh7 7020 7020
Pgk1 7024 7024
Uiv1 7026 7026
Xhn7 7031 7031
Brl8 7033 7033
Wxw4 7037 7037
Zcs9 7039 7039
Bra5 7041 7041
Vpl3 7044 7044
Wrj8 7045 7045
Cvq4 7050 7050
Uql6 7052 7052
M_f2 7054 7054
Gbi1 7058 7058
U_c3 7063 7063
Hv_8 7067 7067
Dm_8 7069 7069
Cjm4 7070 7070
Wns7 7073 7073
Qem1 7076 7076
Iir9 7078 7078
Xmk5 7079 7079
Vym3 7083 7083
Vtp5 7086 7086
Zhi0 7089 7089
Ned2 7093 7093
Sam3 7098 7098
Omm2 7102 7102
Vvx2 7106 7106
Syp9 7109 7109
Kwc8 7113 7113
Jxp9 7115 7115
Igb2 7117 7117
Hjm8 7120 7120
Eml6 7123 7123
Qpd0 7126 7126
Sco7 7128 7128
Cca3 7130 7130
Ids9 7133 7133
Gkq7 7138 7138
E_j9 7141 7141
Dhx8 7144 7144
Rmf9 7148 7148
By_4 7151 7151
Gsv4 7152 7152
Fkj9 7156 7156
Fcr3 7157 7157
Jaw3 7159 7159
X_g0 7162 7162
Ehp1 7167 7167
Mhz2 7170 7170
B_r1 7172 7172
Yhl6 7176 7176
Qya9 7180 7180
Jdt4 7182 7182
Axk9 7184 7184
Rrh6 7187 7187
Kxw6 7191 7191
Vwb3 7196 7196
Jyv4 7199 7199
Suc5 7201 7201
Tmb4 7204 7204
Ghf0 7208 7208
Zmx6 7211 7211
Qzr2 7214 7214
Ysb5 7217 7217
Gda7 7222 7222
Nzi4 7224 7224
H__0 7228 7228
Fcq2 7232 7232
Wur9 7234 7234
Qxx7 7236 7236
Dum0 7238 7238
Ngr7 7239 7239
Qyo8 7244 7244
Yye3 7248 7248
Km_6 7249 7249
Jye7 7253 7253
Ysj3 7256 7256
Uzu4 7260 7260
Raa8 7263 7263
Or_1 7266 7266
Vxe6 7267 7267
Knv4 7270 7270
Bn_4 7273 7273
M_n1 7277 7277
Iiy5 7282 7282
Zvf2 7286 7286
Tlp9 7287 7287
Zau2 7291 7291
Upe2 7294 7294
Iov8 7299 7299
Dhh0 7301 7301
Tdy9 7303 7303
E_u8 7308 7308
Qfw4 7313 7313
Zcj3 7315 7315
Qao5 7319 7319
Wym4 7323 7323
Fa_8 7326 7326
Mrs4 7330 7330
Gsg3 7333 7333
Dfj3 7335 7335
Gfk6 7339 7339
Tfd6 7340 7340
Uxl9 7342 7342
Fjg5 7343 7343
Bge2 7345 7345
Qs_0 7347 7347
Shu6 7351 7351
Twr2 7354 7354
Mie0 7358 7358
Zwn9 7360 7360
Crc9 7361 7361
C__7 7363 7363
Qr_1 7364 7364
Hk_1 7367 7367
P_d0 7370 7370
H_l9 7374 7374
Mvt6 7376 7376
Kec1 7379 7379
Oha6 7380 7380
Fse1 7385 7385
Dsn7 7388 7388
Gnw2 7393 7393
Uri3 7395 7395
Rgr2 7398 7398
Ska1 7401 7401
Bzl9 7402 7402
Zrp9 7404 7404
W__8 7409 7409
Jef3 7413 7413
Ozf5 7418 7418
F_p0 7422 7422
Ghp0 7425 7425
Hok3 7430 7430
Jxc2 7434 7434
Aul7 7438 7438
Rpb8 7442 7442
Qvb9 7445 7445
Svh1 7449 7449
Ht_1 7452 7452
Woz1 7455 7455
Arx3 7458 7458
Xqd8 7462 7462
Efe6 7465 7465
Fl_6 7468 7468
Ql_7 7473 7473
Yyt2 7474 7474
Ive4 7479 7479
Wcx4 7484 7484
Huo6 7486 7486
Ogu0 7488 7488
Kvm4 7492 7492
Smm1 7495 7495
Qgc5 7498 7498
Wbs1 7501 7501
Mlt2 7504 7504
Fo_1 7507 7507
Swg4 7508 7508
Pgr2 7512 7512
Bfz8 7514 7514
Cxz4 7516 7516
O__3 7517 7517
Kfc1 7519 7519
Hda4 7522 7522
Jui1 7523 7523
Viz6 7527 7527
D_d9 7529 7529
Myl8-Mcg7
Ive4-Q_f8
Baq8-D_d9
Osq9-Hsq0
Hio2-Mbe3
Eog0-Viz6
Bfz8-Jui1
Bue2-Tka3
Acs3-Kya5
G_e5-Swg4
Yvl6-Qpu4
Tzp8-Fqq7
Dm_8-Hlj6
Iwz9-Dxl0
Rom6-Mlt2
Zgh7-Zwk4
Mtl3-Wbs1
Vwm0-Qgc5
Saq6-Iis3
Tdc4-Jw_5
Rqn0-Ogu0
Jxj6-Vdt6
Vrk9-Zgw5
Vpo7-Jyb5
Cuj1-Ive4
Spj2-Pgr0
W_i6-Efe6
Kai4-Arx3
Bzd8-Ht_1
Rgr2-Svh1
Cyy1-Rpb8
Gsg3-Aul7
Ero4-Jxc2
Ass0-Mvn5
B_f5-Ctc7
Obu1-Hok3
Ccz6-Xct8
Gjn4-Htk8
Yc_6-Ydx3
Po_0-Ghp0
Ytf7-Jef3
Wrj8-Fgu6
Jcf5-Ukb1
Saj3-Pqx3
Avv4-Zrp9
B_q1-Hod6
Esk7-Ska1
Gda7-Zzc8
Dxh0-Htb3
W_h4-D_n7
Dfx1-Msn6
D_a4-Oha6
Tcd6-Rtf5
Vmj9-Ill9
Mx_4-Kec1
Y_w2-Cfs9
Vkf7-Mvt6
Yuq5-H_l9
Xzq9-Qr_1
Hue3-C__7
Oto9-Gfp7
Vj_4-Crc9
Auh8-Nfs8
Hco3-Cpw6
Djy5-Zwn9
Ebx5-Nwo8
Zfn7-Jqf3
Vgb0-Mie0
Ewr0-Twr2
Omz7-Muq7
Rmx7-Itd9
Zp_9-Shu6
Esf5-Qs_0
Saq6-Rfc8
Tv_4-Mqe5
Jmb7-Xao7
Wzz6-Uxl9
Wun5-Tfd6
Nwp4-Ddu2
Uty4-Ucp1
Ewo7-Tos5
M__9-Anl1
Tey0-Dfj3
Srw7-Gsg3
Jmb7-Fsa4
Ryk7-Mrs4
Cvd3-Sas5
Evp4-Fa_8
Qhd3-Zxv9
Zgp2-Wym4
Yvl6-Qao5
P_z5-Zcj3
Bgm9-J_n0
Nnp9-Spj2
Dyb0-Cfj6
G_m5-Qfw4
Jmi6-E_u8
Obo1-Ajy2
Phc9-Vnu8
Zv_3-Zau2
Vbv0-Wrq1
Til9-Tlp9
Nnu6-Cqm8
Jgd5-Bci6
Jla5-Xgp4
Jph1-Dnf2
Qxw1-Bn_4
Rmn1-Knv4
Fzp2-Vxe6
Wwu9-Or_1
Bfp8-Doy2
Wec3-Dri1
Odp2-Uzu4
Vil7-Km_6
Kor0-R_o1
Gcp7-Rlp6
Jms5-Sol2
Jxm8-Ayi0
Fk_2-Yye3
Vbv0-B_q1
Eph9-Qyo8
Rpw9-Czz7
Mkb3-Iy_7
Zu_9-Q_w0
Bit9-Nun6
Sdj0-Dau3
Hv_3-Dpw8
Rfw8-Qxx7
Vhk2-Wur9
Nmp8-Ass0
Qeu9-Xsp0
Q_m3-H__0
B_u5-Wjh4
Wgs5-Ao_6
Tzh3-Roh4
Yio7-Zu_9
Gis2-Rxa3
Cvh4-Nzi4
Xwm4-Yde3
Ajw0-Wfy6
Kje6-Ehd5
Kwu6-Nc_5
Vzi1-Nqx2
X_c4-Ero4
Vqu4-Ghf0
Bmf4-Hyh0
Ngb0-Sty6
Ngb1-Jyv4
Hk_6-Vwb3
Ki_5-Rrh6
O_p3-Axk9
Ngb0-Jdt4
Swi1-Hcv9
E_i9-Bah1
App0-Pby1
Xon2-Sxe4
Pjs8-Qya9
V_q8-Ahi3
Jzg2-Aqj2
Ez_6-Hsk7
Hqp1-B_r1
Acz0-Mhz2
Ux_1-Ehp1
B_u5-Ukg4
Ddn0-X_g0
Aqj3-Jaw3
Z_c8-Fcr3
Oen8-Iiu7
Ezn9-Gsv4
Vrk9-Y_f8
P_q4-Xfm6
Jjh2-Rmf9
Tte3-Wnv2
Mcr3-Kto2
O_y6-Gij9
Dug7-Pdx6
Eb_0-Ids9
Fi_6-Qpd0
Cvh4-Hjm8
Fsu7-Jgo8
Inr7-U_v2
Ngk1-Vvx2
N_w5-Mwp7
Nce0-Ned2
Awi3-Yjw7
Ux_1-Zhi0
Agg8-Igi6
Va_9-C_g3
Tvx7-Hbi3
Yv_6-Atl3
Cvq4-Wpr8
Nej7-Vtp5
Eyz0-Vym3
G_z8-Xvr0
Drb2-Iir9
Uev3-Qem1
S_l8-Dm_8
Fmo1-Eru3
Oen8-Hv_8
St_6-U_c3
Wso2-Gbi1
Nxq3-Tkj2
C_y2-Nya2
Wvi2-Uql6
Upy0-Foi9
Yrb8-Cvq4
Dbh7-Qg_5
Nof3-Fki5
Amz3-H_x4
Mao0-Fsr6
Yqe3-Mpe7
Mqj7-Tku4
Oaj1-Vka6
Uqh8-Srg7
Rbx9-Drb2
Ooq1-Bie5
Qvl8-Mih0
Aie9-Oov8
Fmo1-Flm8
Gam4-Wzz6
Sbj2-Byc7
K_o5-Mf_1
Qme3-Vkf7
Kyj6-O_r4
Dyb0-Boi7
Rwr8-Ejq3
Hik0-Mfl6
Oen8-Eub1
Jmi6-Uqv7
Syd2-Va_9
Cym3-Ipg2
Dgb7-Zzn3
Nql5-Bz_6
Uvl5-Rlz3
Rmz4-P_i4
Zkf7-Qvr1
Cxl4-Ouo5
Va_9-Jhf9
Ubh7-Hit0
Y_i7-Kxd7
Kje6-Ct_6
Xyb5-Uts7
Sdy2-Uyd7
Cby0-Ak_9
Fzs8-Rra0
Ejx0-Cvv2
Uwa0-Rts5
Jxm8-Ytv7
Z_c8-Uno3
Mcr3-Nwp4
H_m6-Jsm9
Qkp7-Y_i7
Ajw0-Duu2
Wli1-Dwb8
Itx6-Wus0
Qne3-Ehc5
Ug_3-Gty2
Be_8-Qsi2
Mpd5-Gue4
Jr_2-Gwn7
Ucq4-Dsw6
Xzq9-Zhn1
Doh7-Xv_3
Hje5-Qmt9
Qvr1-Qeu9
Fot9-F_d1
Hwy4-Woh5
Wso2-Ws_3
Yg_6-Tey0
Yq_4-Csj1
Jyp8-Zaj6
Rje3-Wkv9
Rxb9-Ztn2
Iwz9-Pgv6
Fzp2-Ibk8
Ysn9-Zgp2
Oky4-Jgv3
Bzv6-Wjp1
Ojk2-U_v0
Auu6-Fpx3
Ega6-Rvy3
Gmv5-Epo5
Gij4-Ihs1
Ejx0-Baz6
V_d6-Ujz9
Ydq4-Yrf3
Bjb9-Unb5
Ylh2-Dn_6
B_f5-Mhi3
Wht9-Nx_7
Ulx4-T_t9
Trc1-Ids6
Tqs2-Moq6
Dyb0-Jrl3
U_f4-E_i9
Xnq7-Ctn7
Dvp6-Egy5
Dbe8-Wli1
Nca1-H__5
Xpq6-Jrl3
Ahf0-Zqc7
Jki1-Srg7
Mpe7-Qmt9
Mvb1-Tq_3
Yg_6-Ieo2
Mlr7-Hkz8
Xxh0-Sho0
Xnq7-Mwp8
Hnx9-Qzl2
Nmp8-Qvg9
Dyu6-Ajf4
Fhu7-Det9
P_f2-Vka6
S_g5-Xe_4
Gdk7-H_p4
Zth2-Rcn1
Ddt4-Vrd6
Jzg2-Zwr0
N_k6-Ous2
Ddt4-Rmi0
Kbt3-Dqf9
Jsk1-Afx1
Wpj5-Swc3
Amz3-Yio7
A_k5-Uzm8
Agg4-Cul0
Eg_5-Ouo5
Tse2-Baq8
Wwu9-Oe_3
Jzo6-Jlx1
Zhz4-Syd2
Hzn8-Yio7
Ixb4-Aax7
Ssr5-Rpp0
Dxz8-Zrk5
Sdk6-Etj2
Hv_3-Tte3
Ppc3-Usr0
W_z9-Hnx9
V_s3-Qhx5
Mif9-Dpf8
Pap9-Fju8
Pma5-Bae2
Pbd5-Qff3
Utk5-Rke3
Xht4-Ro_4
Cnw3-Xbx4
Eg_2-Ub_7
Cwh6-Cps6
Tnl4-Spc9
Qpv2-Aqj3
Hqp1-Cvl9
Rhq1-Euj5
Bla3-I_q1
Agt8-Jdq9
Ql_6-Qsi2
Ztf5-Pap9
Ugd5-Mhi3
Ef_6-H_l8
Cdy1-Mr_5
Bgm9-Yrf3
Avv4-Enm7
Ngb1-Mf_1
Vka6-D_s2
Ehc5-K__5
Mpd5-S_e1
Zeb3-Yyt0
Xv_3-Ugg9
Cjo4-Trx9
Xot8-Vnt0
Nkp9-Jvv3
Vpl3-Wrj8
Wxw4-Eog0
Brl8-Wxw4
Xhn7-Brl8
Pgk1-Uiv1
Xre3-Mnd8
Tyi5-Zgh7
Zhu9-R_f9
Dsr4-Dds4
Cgl3-Dsr4
Xkd0-Etp7
Ncz2-Xkd0
Mft6-Ncz2
Nmf3-Gcx3
Wo_2-B__6
Po_0-Wo_2
Kfj1-Ety1
Vhk2-Kfj1
Cgq1-Vhk2
Bxq8-Cgq1
Afe8-Bxq8
N_k0-Vis5
Dx_0-Rh_6
Fez4-Xtu8
Pvw0-Fez4
Xor8-Pvw0
Gfd5-A_g8
Ta_7-Gfd5
Ift5-Qe_6
Ssk4-Vqw5
E_h1-Ssk4
Dwa1-E_h1
Jjh2-Dwa1
Ajd5-Jjh2
Ddn0-Smt2
Ykg9-Ddn0
Ijw4-Ykg9
Dp_6-Ijw4
Hk_6-Dp_6
Dzh1-Hk_6
Orp0-Dzh1
Zab8-Orp0
Iqy0-Esu6
Pgd8-Pov0
Ef_3-Yf_1
Ycn7-Ef_3
Ee_2-Ycn7
Wml3-Pl_3
Mnq7-Wml3
Qau9-Mnq7
Vmj9-Nhq3
Poq0-Srp7
Yw_4-Yy_6
Bla4-Yw_4
Go_1-Bla4
Mft6-Go_1
I_s8-Vyj3
Vgb0-Rgz4
Jgd5-Vgb0
Ote1-Jgd5
Og_0-Ubg4
Vjd9-Og_0
Ga_3-H_s1
Yij4-Djy5
Jyp5-Yij4
Mjl5-Bmb5
Zdk5-Mjl5
Tbv4-Zdk5
Rwt0-Tbv4
Jml4-Rwt0
Dmu6-Jml4
N_i2-Wpb6
Cjy5-N_i2
Hht2-K_s3
Mcg3-Hht2
Nwk1-Ijb9
Vtc3-Nwk1
Dcm8-Vtc3
Til9-Imy9
I_e4-Til9
Fnd6-I_e4
O_r2-Fnd6
Mgc3-O_r2
Obu1-Dro1
Snd4-St_5
Ryx2-Zwf4
K_p6-X_v5
Qhd3-Gjp0
Kwu6-Iyw8
E_x9-Kwu6
Nd_3-E_x9
Oz_7-Nd_3
Xf_0-Oz_7
Dzu4-Xf_0
U_w3-Fsg9
Yhw1-U_w3
Vjq7-Cwg6
Uap7-E_u4
Mft6-Uap7
Gq_4-Q_m3
Pss6-Gq_4
Nce0-Pkf5
Uqk2-Nce0
Mrd8-Uqk2
Tdr6-Bzd8
Yns5-T_g7
Cvh4-Yns5
Mfd0-Twe0
Enr8-Ida0
Yhw6-Mx_4
Bvc6-Yhw6
G_z8-U_p5
E_y3-G_z8
Oll9-Whv9
Phj7-Oll9
Aoe6-Jgn8
Ajw0-Om_4
St_0-Ajw0
Tcl1-St_0
Bzh7-Ob_3
Bzh7-Kzb4
Pys9-Pma5
Ezn9-Das9
Jxm8-Ezn9
Bnn2-B_s6
Oqf5-Bnn2
Oct2-Oqf5
Nq_6-Oqf5
Pap9-Nq_6
Kcj3-Xgp9
Oct2-Wtd9
Jsj9-Oct2
Iek1-Oct2
Wlt8-Bes9
Saj6-Wlt8
Gdq6-Saj6
Trx9-Gdq6
Wis9-Axy6
Ot_9-Wis9
D_h7-Sho0
Tvx7-D_h7
Q_z0-Tvx7
Quu8-Tvx7
Q_z0-Tcw1
Qyj3-Q_z0
Xwb7-Sej1
Ovz8-Xwb7
Qyj3-Ovz8
Jxk4-Qyj3
Fbr7-Xyb5
Msc7-Cwh6
Sae9-Mtj0
U_q2-Sae9
Bea6-Msc7
Nbm1-Msc7
Uor5-Bon3
Dht4-Ifg7
Dve7-Dht4
Fwu4-Ktt6
Ppi9-Fwu4
X_z7-Dve7
T_l6-Gog8
Rra0-T_l6
Ptf8-Rra0
I_a5-Wyg7
Zgl9-I_a5
Bew3-Zgl9
Mos3-Bew3
Ztn2-Mos3
Ii_3-Mos3
Vbv0-Arr5
Ztn2-Ige6
Qll1-Ztn2
Tw_1-Ztn2
Ior6-Vnt0
Qll1-Kmj6
Kiq5-Qll1
Fwz9-Ytc3
Dn_6-Fwz9
Dm_3-Dn_6
Kiq5-Dm_3
Ccf6-Mfr2
Wjp1-Hio2
Rrm5-Vcn5
Wfb3-Wjp1
Meq4-Hit0
Cej5-Prq7
Wfb3-R_s6
Yhc3-Wfb3
N_l3-Wfb3
Nmg7-N_l3
Bue2-Yhc3
Qmb6-Bue2
Vti5-Xcf7
Osj7-Vti5
Vt_0-Vti5
Osj7-Fxg6
Mcs8-Osj7
Tkn7-Ngc3
Ptr9-Tkn7
Hit3-Ez_6
Ptr9-Yk_7
Ajt9-Myl6
Ift5-Gue4
Oof6-Gue4
Egw5-D_p5
Ift5-Edo6
Ux_1-Mft6
Cnu2-Ux_1
Grg2-Cnu2
Myb8-Rfy0
Dpd5-Rfy0
Ahm9-Kf_1
Cdr9-Ryk7
Rro3-Myb8
Oju3-Myb8
Rro3-Y_w2
I_f7-Dbe8
Qfi5-I_f7
Bu_9-Qfi5
Qsc2-Qfi5
Bu_9-Rfw8
Gbi8-Krd0
Fju8-Gbi8
B_z0-Etq5
Bgg5-B_z0
Zsi0-T_r4
Rwo5-Zsi0
Vkf7-Bgg5
Knr0-Vkf7
Xsa2-G_a5
Sgw9-G_a5
Cgu8-Sgw9
O_r4-X_r7
Tk_0-O_r4
Rjv2-Xsa2
Khm8-Xsa2
Rjv2-Hnr5
Gis2-Rjv2
Cmi2-Gis2
Ctc0-Bnq0
Oen8-Jam3
Qxw1-Oen8
Isg2-Qxw1
Blp2-Isg2
Wlm8-Isg2
Dw_8-Wlm8
Yzz3-Dw_8
J_c2-Yzz3
Apj3-Blp2
Oio1-Apj3
Jjq3-Oio1
Dfn1-Jjq3
Agw7-Dcy9
Jrh7-Akk1
Fi_9-Jrh7
Agw7-Fi_9
G_h7-Agw7
Rmi0-G_h7
Evp4-Vrd6
Dbw2-Evp4
Efr7-Dbw2
Rst3-Dbw2
Wkz7-Q_m6
Ybd4-Wkz7
Oky4-Efr7
Bqv6-Efr7
Pbd5-Bqv6
Oky4-Svw9
Cah3-Oky4
Nta6-Cvl1
Rim0-Nta6
Dlg4-Cah3
Dlg4-Jqc2
Hqp1-Dlg4
Hco3-K_o5
Wa_2-Hco3
Zzf0-Wa_2
Pqt9-Gij4
Ghg0-Gur1
Odu8-Nkq6
Nzy6-Bmf4
V_d6-Nzy6
Rfs8-V_d6
Tf_2-Rfs8
Adq0-Tf_2
Vey0-Bzv6
Fed0-Bzv6
Nc_0-Fed0
Vey0-Nc_0
Pdd6-Gbz8
D_w7-Pdd6
Gpy1-Oto9
Egr5-Oto9
Owa6-Byj6
Dwc6-Gpy1
M_p2-Gpy1
Jhq9-M_p2
Vaj6-Wrk7
Iot1-N_k6
Shk0-Qss1
Idn4-Shk0
Xst3-Idn4
Xdr0-Amg6
Hkq8-Xdr0
Ift5-Hkq8
Pck0-Uuf7
Ift5-Pck0
Utk5-Bcq5
Crr4-Hwc4
S_p8-Crr4
Mat0-S_p8
Vhm6-V_s3
Akv5-Vhm6
Ivx3-Mat0
Jcf9-Ivx3
R_g0-Qeu9
Aqi8-R_g0
Nsv1-Be_8
Hw_3-Tzp8
Qff3-Zwl2
Jgv3-Uab9
Vie6-U_j8
Qzd5-H_m6
Sig4-Owc5
Ozo7-Vie6
U_a8-Vie6
Kor0-U_a8
Exj8-Mf_1
Iip1-Xru9
Nwi8-Iip1
Acs3-By_0
Dec9-Nwi8
Zes1-Dec9
Mr_5-Hyz1
Rna4-Mr_5
Nxe3-Ub_7
Dcs7-Boi7
Nzf3-Nxe3
Ibo7-Zwg8
G_o6-Nzf3
Joz0-Nzf3
Frt5-Joz0
Kxd7-Frt5
G_o6-Kxd7
Sjk7-G_o6
Dya8-Ypb6
Ced2-Qx_3
Moq6-Enr0
Euj5-Ced2
S_w1-Okc5
Mgi8-Euj5
Hnx9-Uiu9
Zov0-Hfd5
Ift5-Fy_8
Oei8-Fy_8
Cwg2-Oei8
Ift5-Yyc9
Umb6-Mft6
Nwx1-Ihk1
Qa_2-Nwx1
Xqn7-Qa_2
Umb6-Xqn7
Gdt3-S_k6
Dnd4-Gdt3
Feu5-Gdt3
Huf3-Feu5
Dnd4-Huf3
Dfr6-Dnd4
I_m2-Dnd4
D_s2-I_m2
Swi1-D_s2
Yg_6-Swi1
Ajt6-Dfr6
Ah_1-Ajt6
Nx_7-Mpe7
Gzf8-Nx_7
Jgc5-Gzf8
Ybt2-Jgc5
Kbt3-Ybt2
Znc3-Mkp4
Zsp6-Znc3
Njr2-Zsp6
Jwz9-Yur7
H_x4-Srw7
Xhr4-Njr2
Zhz4-Xhr4
He_9-Zhz4
Uzr1-Dyd4
Kwr4-Uzr1
Vph8-Kwr4
Hcf6-Kwr4
Hjd9-Hcf6
Vph8-Hjd9
Jzg2-A_k5
Kla4-Jzg2
S_t0-Gwb9
X_p5-Eju8
Dyi9-X_p5
Mqz8-Gli5
Rmx7-Gli5
Mqz8-Uty4
Xht4-Mqz8
Ylh2-Mqz8
Kqh9-Ylh2
Qus4-Xht4
S_g5-Dgb7
Z_c3-Qnt5
Oeh5-Woh5
Wbm9-Oeh5
Jr_2-Oeh5
Dyu6-Jr_2
Edr9-Dyu6
Pjw2-Wbm9
Spm2-Xon2
Jph1-Spm2
Gfy2-Jph1
Mc_0-Gfy2
Gul0-Aax7
Cym3-Gzs1
Mvb1-Jms5
Adf6-Gcp7
Ift5-Mvb1
Cdm6-Mft6
Hpa6-Ddw2
Ef_6-Hpa6
Cdm6-Fsr6
Qne3-Gdn8
Rqg2-Zrv6
Rli9-Rqg2
Yfq9-Gam4
Z_j4-Cy_9
Cwe3-Nqu8
V_q8-Cwe3
V_q8-Zof7
Rns8-V_q8
Dvp6-V_q8
Hsd7-Dvp6
Rbx9-Om_6
Pxx3-Rbx9
Tyy7-Rns8
Wbn2-Rns8
Nug9-Wbn2
Gkz3-Nug9
Mbm0-Tyy7
Ven2-Nzy3
Tqm4-Ven2
Mbm0-Tqm4
H_p4-Mbm0
Xzq9-Rmn1
H_p4-Xzq9
Vgf9-H_p4
Zeb3-Tpp5
Kuz1-Qdp5
Vgf9-Kuz1
T_t9-Vgf9
Iyr2-Vgf9
Djb1-T_t9
Mga1-T_t9
Awi3-Djb1
Icj0-Omy4
Etz8-Omy4
Xln7-Etz8
Kcp7-Icj0
Tkp9-Icj0
Tfr7-Kcp7
Rm_6-Kcp7
Upo7-F_s2
Ahk5-Upo7
Mtj6-Ahk5
Sbj2-Mtj6
Je_6-Sbj2
Kcb2-Sbj2
Mkb3-Kcb2
Je_6-Wr_5
Owt0-Je_6
Uyj9-Je_6
Stq6-Uyj9
Bxl1-Stq6
Flv7-Bxl1
Owt0-Bvl6
F_o5-Jzl7
Gq_7-F_o5
App0-Gq_7
Xxt7-App0
Big6-Xxt7
Xnq7-Z_p1
Awb0-Xnq7
Y_x3-Awb0
Cin5-Awb0
W_h4-Jql2
Fot9-W_h4
Y_x3-Okj6
Npu3-Agt8
Nut5-Sha7
Oy_2-Czl7
Ypy9-Oy_2
Klr4-Ypy9
J_v2-Ypy9
Bys6-Dxz8
Fqe8-Bys6
Mup8-Klr4
C_j8-Jjs6
Mup8-Sml8
Qzy6-Mup8
Dgx2-Ssj5
Qzy6-Dgx2
Ulq7-Qzy6
Dbh7-E_i9
Htf0-Ulq7
Xap3-Ulq7
Pen7-Umf3
Cun2-Htf0
Ucq4-Htf0
Cun2-Cuz2
G_w3-Ytz8
Jta3-Ytz8
R_l0-Jta3
Ift5-G_w3
Eb_0-W_f1
Hre7-Eb_0
O_y6-Mft6
Xlk4-Dsr2
Kl_4-Xlk4
Wzg2-O_y6
Ssr5-O_y6
Wzg2-Rcc5
Kdt7-Wzg2
Dfx1-Wzg2
Kdt7-U_e7
Miq8-Gig6
Cek1-Ncs0
Crq2-Ncs0
Foe6-Jjl3
Cek1-Foe6
Wwy4-Obo8
Jqc9-Wwy4
Dvq3-Odp2
Rae8-Vzg4
Mn_3-Zjk9
Mao0-Yvx9
Izi3-Mao0
Det9-Mao0
Hkz7-Det9
Ewr0-Hkz7
Izi3-Fhu7
Fxn7-Oyn8
Ki_5-Fxn7
Cs_5-Ki_5
Nh_7-Cs_5
Iwf0-F_a8
Bnp7-Nh_7
Mv_2-Cuc9
Muc2-Bmt7
Fp_8-Muc2
Jat8-Aam3
X_x7-Ytv7
G_a4-Iwz9
Zmv7-H__8
Y_u1-Nej7
Wec3-Frr4
Zmv7-Wec3
Ihz8-Zmv7
Zhn1-Kix3
Zak3-Mqi3
Vxr4-Ihz8
Wtl9-Vxr4
Kyj6-Csj1
Unk5-Ad_9
Kyj6-Unk5
Ygw9-Qju7
Yz_4-Sff8
Njx5-Hue3
Dqf9-Cqb0
Pvf5-Ngg9
Mtt5-Pvf5
Wso2-Ahj2
Dkm7-Mtt5
O_p3-Wwu9
Dkm7-O_p3
Ql_6-Hea1
Ret7-Zkf7
Zql4-Zkf7
T_o3-Zql4
Utj9-T_o3
Ret7-Itx6
Nld2-Ret7
G_r6-Nld2
Ppc3-G_r6
B_u5-Ppc3
Den7-B_u5
Nnp9-Den7
Xgc4-Nof3
Vby2-Xgc4
P_x9-Vby2
Itm5-P_x9
Hdq3-Nnp9
Tz_3-Ak_9
T_y0-Tz_3
Hdq3-T_y0
Cbq2-Hdq3
Mhi3-F_c7
Hbd7-Mhi3
Aeu6-Cbq2
Jvv3-Zkj8
Cdy1-Jvv3
Jou5-Jvv3
Ihw3-Jou5
Zzn3-Xfc1
Biq0-Gho3
Qqg8-Nql5
Oso9-Nql5
Y_i7-Oso9
Ffk7-Y_i7
Ccd6-Ffk7
Qqg8-Ccd6
Zox4-Qqg8
Jrz8-M_z8
Cxl4-Jrz8
Nyt3-Cxl4
Zox4-Icb4
Ddi6-Zox4
Nca7-Zox4
Ddi6-Yam8
Qar7-Ddi6
Ack6-Ddi6
Vqq7-Ack6
Xe_6-Y_u7
Cw_1-M_y4
Tv_4-Anb1
Uvl5-Iev3
Tv_4-Zp_2
Ift5-Tv_4
Oat5-Tv_4
Xyu4-Oat5
Zgl6-Xyu4
Vma6-Eyz8
Ift5-Vma6
Dev4-Mft6
Jmb7-Mft6
At_7-Rvy3
Dev4-At_7
Iac5-Dev4
Wri8-Iac5
Dek9-Wri8
Knb1-Dek9
Jvr5-Knb1
Vqu4-Nsc6
Wiy8-Vqu4
Avv4-Wiy8
Zaq2-H_h8
Rcs5-Zaq2
Chk5-Tqh4
Vka6-Chk5
Pnc4-Chk5
Vka6-Jrr4
Ow_1-Vka6
Cal3-Ow_1
Hje5-Cal3
Yqe3-H_g6
Maf7-Yqe3
Hgv6-Sfe3
Maf7-Glm8
Hkk5-Maf7
Inr7-Wxi0
Xj_6-Xzr0
Z_t9-Xj_6
Tnl4-Z_t9
Ahf0-Z_t9
Tjp0-Czo6
Va_9-Tjp0
Ips8-Tnl4
Gd_8-Tnl4
Ips8-Tdc4
I_u7-Wus0
M__9-I_u7
Kml1-Oam5
Stu0-Kml1
Nih3-M__9
Zvu3-M__9
Diu2-Cby0
Jxw7-Diu2
Gsb3-Fnh7
Gsb3-Ihs1
Vmf6-Gsb3
Nuq3-Gsb3
Hpz1-S_n0
Ynk9-Vmf6
Zen0-Atc6
Z_j0-Zen0
Cer1-Inh3
Cbb2-Cer1
Wgd4-Dnh7
Gpm1-Wgd4
Vn_3-Gpm1
Ytw6-Vn_3
Yc_6-Hwy4
Hnd5-Yc_6
Ikg9-Hnd5
Yxu0-Bnf1
Afx1-Xhf3
Ngt8-Afx1
Sss5-Gmc1
Clh4-Wkk8
Ny_2-Cm_3
Rnq4-Nne7
Dsw6-Xjy2
Or_2-Dsw6
Igt7-Or_2
Pnm2-Or_2
E_d1-Pnm2
Rbz3-Igt7
Qty7-Tk_5
Oov0-S_e1
Gzo2-Oov0
Ois2-Jtb8
Uyj4-Ffx3
Mdu8-Uyj4
Pqh0-Mdu8
Ylt2-Xrw5
Zwa3-Oig8
Ngb0-Jr_8
Y_q2-Fmr7
Dmw9-Pz_6
Y_q2-Dmw9
Xsv9-Y_q2
H__7-Dwb8
Vwm0-Hjl4
Bxn7-Pgv6
Rwr8-Pgv6
Rni6-Rwr8
G_m5-Rkl1
Nim1-G_m5
Bxn7-Nim1
Tct3-Bxn7
F_t5-Yqz8
Zqq5-Tct3
Pm_9-Dfu7
Rzv9-Pm_9
Svb3-Rzv9
Vxt5-Svb3
Fzt3-Vxt5
W_i6-Vxt5
T_n0-W_i6
Qdw7-Fzt3
Iv_8-Cuy2
A_r6-Qdw7
Kpt0-Zaj6
Acz0-Jyp8
Nxk8-I_v3
Acz0-Nxk8
Amz3-Acz0
Whg9-Ihv3
Dxs8-Whg9
Fbc6-Tqr2
Amz3-Fbc6
Coq8-Amz3
Xb_6-Amz3
Jhf9-Xb_6
Qqi9-Jhf9
Gov2-Coq8
Ai_1-Jmi6
V_g4-Gov2
Hyy7-V_g4
Kaz6-Hyy7
K_t5-Wud9
Jkt1-K_t5
Jkt1-Fzs8
Kio7-Jkt1
Fkb7-Fon1
Njn6-Fkb7
Oue3-Njn6
Byc1-Fxt8
Zia5-Byc1
Srg7-F_d1
Gen8-F_d1
A_o2-Fdi6
J__5-Tyi7
Aa_6-Rww5
Ksn8-Jrl3
Aqw7-Ksn8
Tte3-Xck0
Vzi1-Tte3
Jez0-Vzi1
Saj3-Jez0
Fsu7-Cud5
Ate0-Fsu7
Tuu6-Ug_3
Zpr2-I_q1
Ya_5-Ate0
W_z9-Ate0
Qzk8-W_z9
Pjw8-Ya_5
Emi0-Ya_5
B_j2-Emi0
Pvy7-Xtx5
Hh_4-Pvy7
Ksu7-Hh_4
Esk7-Ksu7
S__1-Esk7
Pwx3-Bzs4
D_a4-Pwx3
Bpm5-D_a4
Yrb8-Bpm5
Ymg8-Rom6
Iwi9-Ymg8
Fmg5-Jhb9
Bzk1-Fmg5
Q_i2-Fmg5
U__4-Egy5
Bzk1-Naf0
Yye6-Bzk1
Yu_7-Vaw6
Ztf5-Yu_7
Ega6-Xsk5
Gkz9-Ega6
Awt3-Xvc9
Quy3-Xvc9
Wvi2-Awt3
Umh4-Nlq3
Wvi2-Jxh0
Ulx4-Ita9
Kcp8-Ui_8
P_f2-Jxo6
Kcp8-Oaj1
Rbj6-Kcp8
Hom7-Kcp8
Fni4-Vgc0
Phd5-Pjs8
Hef0-Phd5
Eng4-Hef0
Wac9-Ct_6
Gjn4-Du_9
Pfj5-Gjn4
Mka5-Pfj5
Avy2-Mka5
Mif9-Avy2
Ujp0-Mif9
Cua9-Zqc7
Ujp0-Cua9
Ocz2-Ujp0
Ocz2-Rak0
Hix4-Ocz2
Aqz5-Piw3
Hnh6-Aqz5
Ara6-Pbv7
Od_9-Ara6
Dgi1-Od_9
Zwr0-Dgi1
Ctb9-Zwr0
Vbq3-Ctb9
Ptm7-Ctb9
Fki5-Ptm7
Vbq3-Fki5
Cpq4-Vbq3
Ekb8-Vbq3
Udt2-Ekb8
Re_7-Udt2
Cpq4-Re_7
Iq_9-Xgi9
Rxb9-Iq_9
Agg4-Rxb9
Jki1-Dy_1
Kns0-Jki1
Ilr5-Kns0
Agg4-Ilr5
Yaq3-Agg4
Esr2-Yaq3
Ahl9-Esr2
Eye0-Ahl9
Ebx5-Eye0
Xsb2-Saq6
A_s3-Ebx5
Js_2-Fad5
Apo1-Js_2
Qkp7-Apo1
W_j6-Klf8
Qkp7-W_j6
Gwn7-Fhh2
Gmv5-Gwn7
H_f8-Hv_3
Pxd0-H_f8
Uuf3-Qg_5
Cm_7-Ioi2
Mbd7-Bla3
Vpo7-Mbd7
J_e8-Fqz3
Yv_6-Fqz3
Nha8-Ipg2
Exv2-J_e8
Quh3-Azi6
Exv2-Quh3
Paa2-Exv2
Cfu9-Mtt8
Dtx2-X_i1
Jcl1-Dtx2
Iig1-Gvt3
Cix5-Edl3
Hi_7-Rcc0
Rpp0-Hln5
Qwa0-Fb_9
Cha9-Gwl2
Mnt3-Cha9
Qwa0-Mnt3
Edb5-Qwa0
Nvl9-Zlh1
Stk6-Nvl9
Rmz4-Edb5
Dhp4-Edb5
Kic6-Ijn8
Rmz4-Qjb4
Gyi5-Tgn7
Qqw0-Bpi2
Oay1-Qqw0
Uno3-Rki0
Ojk2-Oay1
U_v0-Dni3
Ojk2-Koo9
Vj_4-H_l8
Npz8-Vj_4
Xbj6-Npz8
Kge7-Xbj6
Gze4-Jzo6
Yxy7-Gze4
Ehc5-Kge7
Hrs4-Ehc5
Rcj4-A__1
Hrs4-Rcj4
Ild1-Uuf6
Myc4-Vmr7
Yt_5-Myc4
Wqq7-Qcc2
Ix_0-Pmh5
Wli1-Ix_0
Tar6-X__2
Mih0-Tar6
Bln0-Wli1
Dof1-Wli1
Jsu5-Uup9
Two7-Bln0
Two7-Vmg0
Kg_6-Kep8
Hwv8-Kg_6
Phy5-Enm7
Yyt0-Phy5
Tku4-Xgx3
Hwv8-Tku4
Wzc1-Hwv8
Pvn2-Wzc1
Qnh7-Nvh6
Hig3-Tey0
Oxz8-Zvz9
Rsa4-Oxz8
Nwp4-Oxz8
Kua5-Rsa4
Tbm8-Udj6
Wht9-Tbm8
Bwr1-Kua5
Pnd1-Ejx0
Qet5-Pnd1
Qpv2-Pnd1
Dyq7-Qkk7
Qcn7-Qet5
Ytf9-Qcn7
X_s3-Ytf9
Qsi2-X_s3
Fpv3-X_s3
Iwi1-Fpv3
Pog8-Iwi1
Byc7-Pog8
Qsi2-Byc7
Tma8-Qsi2
Oov8-Qsi2
Bmk3-Oov8
Ilv4-Bmk3
Ml_6-Ilv4
Qky3-Tma8
W_u5-Cfm0
Ngk1-Qky3
Eyw0-Qky3
Hn_4-Axf2
X_u7-Hn_4
Jsm9-X_u7
Ngk1-Jsm9
Mwp8-Rts5
Ngb1-Mwp8
Bit9-Mwp8
Jka9-Tdz9
Ngb1-Vfc7
Xot8-Mig4
Iej6-Sam7
Krx6-Iej6
Vne7-Mjg5
Auu6-Cyy1
Rcn1-Auu6
Xvn3-In_5
Tsz4-In_5
Xe_4-Tsz4
Xvn3-Xe_4
Joh2-Xvn3
Kue8-Etj2
Fi_6-Kue8
Dug7-Fi_6
Jsk1-Joh2
Miw5-Jsk1
Eg_5-Miw5
Xed3-Khf5
G_h9-Xed3
Rij1-Wvx3
Clq8-Rij1
Raj1-Clq8
Ous2-Clq8
Raj1-Tdi3
Gmu2-Raj1
Crh1-Raj1
Cei2-Gmu2
Vhj5-Cei2
Rpn5-Svw0
Ffp2-H_y7
Iff9-Ffp2
Kab7-Iff9
Mkq7-Kab7
Bae2-Mkq7
Ffr6-Bae2
Cdp5-Zve5
Bie5-Cdp5
Jwd0-Bie5
V__8-Jwd0
Ulm9-Jwd0
Wap5-Ulm9
W_k7-Wap5
Baq8-V__8
Gdk7-Yec9
Nt_7-Pe_7
Qev3-Pe_7
Z__8-Qev3
Sos7-Nt_7
Exh2-D_y2
Sos7-Exh2
Jn_1-Sos7
Fzc3-Jn_1
Sdy2-Fzc3
Tof0-Xlk8
Qo_2-Xmf3
Nqp2-Qo_2
Oo_7-Nqp2
Kph6-Oo_7
Ahw8-Xc_8
Kph6-Ahw8
Aqj3-Jei0
Qhx5-Aqj3
Hzn8-Qhx5
Ez_3-Vil7
Drb1-Nuj6
Iau4-Xuv8
Ert0-Yrf3
Sjq5-Rlh3
Nps5-Sjq5
Ho_9-Nps5
H__5-Ho_9
C_f2-G_f4
Jva2-Iny1
Ckt9-Skq1
C_f2-Ckt9
Uwa0-C_f2
Uwa0-Bvh3
V_u2-Uwa0
Cul0-Yom1
Woj6-Cul0
Ele7-Woj6
Omz7-Ele7
Egf8-Omz7
F_o0-Poz1
Qyr3-Yrz2
Peu6-Qyr3
E_h5-Rbo1
Ulq0-E_h5
Zth2-Ulq0
I_i8-Zth2
Kzj2-Peu6
Dab6-Peu6
Mmw2-Dab6
Pis5-Sdk6
Bvz8-Pis5
W_a0-Wkv9
Nmp8-W_a0
Nmp8-Cgp3
Caq3-Vec2
Sod0-Caq3
Erp5-Caq3
Hac2-Erp5
Ene8-Uan6
Wkc4-Sod0
U_z4-R_k1
Haa4-U_z4
Dwx3-Haa4
H_e9-Rlz3
Ift5-Bxr1
Cib8-Bxr1
Yks8-Cib8
Dox5-Nnk0
Jqv7-Dox5
Xa_8-Bvo5
Njx1-Xa_8
Cps6-Njx1
Hkz8-Zgp2
Bks5-Hkz8
Cvr0-Bks5
Oe_3-Cvr0
Fzw9-Sxf5
Bvw9-Fzw9
Doh7-Uqv7
Qvr1-Doh7
Rhc1-Qvr1
Rhc1-Bgm9
Uzm8-Hzf9
Pvk7-Uzm8
U_b9-K_w1
Wqs0-Xke6
Jbn1-Ypt8
Jbn1-Uuj6
P_x1-Jbn1
P_x1-Uqh8
Wbs0-P_x1
Vtp2-Wbs0
Hxw8-Ujz9
Qqq1-Hxw8
Qqd0-Xpq6
Um_7-Zrk5
Yps9-Qqd0
Ubh7-Qqd0
N_q5-Ubh7
Frh5-Rje3
Yps9-Frh5
Epo5-Yps9
Ouo5-Ail5
Tjq1-Ouo5
Epo5-Ajf4
Oar8-Ybt7
Ixr8-Pl_1
Ruk1-Dvy8
Hbv0-Ruk1
J_z5-Hbv0
Kbr6-J_z5
Gjc2-Kbr6
Enj8-Gjc2
Zfc3-Gjc2
Jzj2-Zfc3
Rss7-Jzj2
Enj8-Jtu2
Al_2-Enj8
S_l1-Enj8
Ift5-Al_2
Mba7-Jjo7
Cmf7-Mba7
Cja4-Cmf7
Ift5-Pdt9
Nxq3-Mft6
St_6-Mft6
Nxq3-Ogl3
F_c4-Nxq3
Xuy7-Rdh8
Gkw1-Xuy7
Pto8-Gkw1
Zys7-Pto8
T_z4-F_c4
Woe9-F_c4
Hxs4-Woe9
Vqx7-Dyl2
Drb2-T_z4
Zbq0-T_z4
Een1-Xqi3
Drb2-Een1
Fdt2-Drb2
C_y2-Wtp2
G_x8-Ooq1
G_e5-G_x8
Jgs3-G_e5
Rqk6-G_e5
Aav1-Rqk6
Jgs3-Aav1
Yyd7-Jgs3
Dh_3-Jgs3
Xxv5-Dh_3
Hie6-Xxv5
Ewp0-Yyd7
Quq0-Iik8
R_u6-Quq0
Cwj2-Crq1
Kas8-Cwj2
Xxh0-Kas8
Juz9-Kas8
Ieo2-Juz9
Bnk6-Ieo2
Swt3-Xxh0
Irm0-Rl_6
Hjr9-Irm0
Szo3-Irm0
Xoe1-Szo3
Isb3-Etg6
Uqx6-Isb3
Hjr9-Uqx6
Szn3-Hjr9
Sdj0-Hjr9
Ppg5-Cvv2
Uts7-Ppg5
Szn3-Uts7
Mlr7-Szn3
Bl_2-Mlr7
Jla5-Bl_2
Wsy6-Jla5
Syd2-Wsy6
Xlh6-Wsy6
S_l8-Xlh6
Bxf0-S_l8
Tjd3-Bxf0
C_p6-Syd2
Giz4-Syd2
E__9-Twd3
C_p6-E__9
Aeh5-C_p6
Cew8-C_p6
W_x5-I_e2
Vcm4-W_x5
D_a6-X_c4
Wun5-D_a6
Opr8-Vcm4
Ah_7-Vcm4
Zjy5-Ah_7
Nc_4-Zjy5
Vsq0-Opr8
Upm1-Ugd5
Ndh7-Upm1
Gwg3-Upm1
Ufi7-Gwg3
Ndh7-Mtl3
Ouy9-Ndh7
Fmo1-Ouy9
Sfr7-Xbx4
E_v7-Unb5
Xo_9-Nnu6
Inm9-Tdy4
Mro0-Syd0
Slu8-Mro0
Uve1-Slu8
X_o6-Uve1
Ykf8-X_o6
Gur4-Afw6
Gur4-Fjb9
N_x6-Gur4
Nfq3-Quc1
Zo_8-Nfq3
Z_a3-Ivl2
Sgw5-Htb0
Vmu9-Kiu3
Ift5-Vmu9
Kiu3-Sgw5
Ift5-Sgw5
Htb0-Sip0
Sip0-Sd_2
Sgw5-Sd_2
Sd_2-Wpj5
Wpj5-Mmg5
Mmg5-Z_a3
Sd_2-Ivl2
Ivl2-Zo_8
Quc1-N_x6
Ivl2-Gur4
Fjb9-Rhq1
Rhq1-C_f4
C_f4-Afw6
Afw6-Ykf8
Afw6-Syd0
Syd0-Aue4
Aue4-Vfa2
Vfa2-Cuj1
Cuj1-Inm9
Syd0-Inm9
Tdy4-Xo_9
Nnu6-Q_i7
Inm9-Q_i7
Q_i7-H_n9
H_n9-Bz_6
Bz_6-E_v7
Q_i7-E_v7
Unb5-Sfr7
Xbx4-Yyb2
E_v7-Yyb2
Yyb2-Fmo1
Yyb2-Ndh7
Mtl3-Ufi7
Ugd5-Vsq0
Upm1-Opr8
Opr8-W_g5
W_g5-Nc_4
Vcm4-Wun5
X_c4-W_x5
I_e2-Poi4
Poi4-W_x0
W_x0-Aeh5
W_x5-Aeh5
Aeh5-Vpi9
Vpi9-Cew8
Twd3-Vsz5
Vsz5-Wyx1
Wyx1-Giz4
Syd2-S__6
S__6-Tjd3
Wsy6-Szn3
Cvv2-Aio3
Aio3-Sdj0
Etg6-Xoe1
Rl_6-Hik0
Hik0-Swt3
Irm0-Xxh0
Xxh0-Biw1
Biw1-Nds1
Nds1-Bnk6
Crq1-Z_o3
Z_o3-Ylj5
Ylj5-Yff3
Yff3-Ewp0
Kas8-Ewp0
Ewp0-R_u6
Iik8-C_y3
C_y3-Yyd7
Yyd7-Nzz4
Nzz4-Hie6
Ooq1-C_y2
Wtp2-Fdt2
G_e5-Drb2
Xqi3-Zbq0
T_z4-Jxx2
Jxx2-Vqx7
Dyl2-Hxs4
F_c4-Zys7
Rdh8-Nxq3
Ogl3-Acy4
Acy4-St_6
Pdt9-Cja4
Jjo7-Al_2
Al_2-Uht9
Uht9-J_h4
J_h4-Aur5
Aur5-S_l1
Jtu2-Rss7
Gjc2-Hbv0
Dvy8-Ixb4
Ixb4-Gty2
Gty2-Ixr8
Hbv0-Pl_1
Pl_1-Oar8
Ybt7-Epo5
Pl_1-Epo5
Ajf4-Tjq1
Ail5-Yps9
Rje3-N_q5
Qqd0-Um_7
Zrk5-Xpq6
Xpq6-Pla2
Pla2-Qqq1
Xpq6-Ujz9
Ujz9-Vtp2
Ujz9-P_x1
Uqh8-I_r0
I_r0-Jbn1
Uuj6-Tyv8
Tyv8-Guh4
Guh4-Ypt8
Ypt8-Wqs0
Xke6-Ovg6
Ovg6-Xbz3
Xbz3-Pvk7
Ypt8-Pvk7
Pvk7-Dvv2
Dvv2-U_b9
K_w1-Mwg7
Mwg7-Uzm8
Hzf9-Usr0
Usr0-Sbw2
Sbw2-Mxg4
Mxg4-Rhc1
Uzm8-Rhc1
Bgm9-Wgs5
Wgs5-Qvr1
Uqv7-Trc1
Trc1-Vrk9
Vrk9-Ids6
Ids6-Oe_3
Qvr1-Oe_3
Oe_3-Suk9
Suk9-Bvw9
Sxf5-We_1
We_1-Cvr0
Zgp2-Cps6
Cvr0-Cps6
Bvo5-Mft6
Cps6-Mft6
Ift5-Jqv7
Nnk0-Yks8
Bxr1-H_e9
Rlz3-Wkc4
Bxr1-Wkc4
Wkc4-Dwx3
R_k1-Sod0
Sod0-Ene8
Uan6-Hac2
Caq3-Ndb8
Ndb8-Ru_3
Ru_3-Pyy6
Pyy6-Vec2
Vec2-Kkq4
Kkq4-Rrl6
Rrl6-Ngs7
Ngs7-Nmp8
Vec2-Nmp8
Cgp3-Qvg9
Qvg9-W_a0
Wkv9-Bvz8
Sdk6-Zua8
Zua8-Kzj2
W_a0-Kzj2
Kzj2-Shq3
Shq3-Mmw2
Peu6-I_i8
Rbo1-Qyr3
Yrz2-F_o0
Poz1-Egf8
Qyr3-Egf8
Egf8-Yom1
Yom1-Auh8
Auh8-B_f5
B_f5-V_u2
Yom1-Uwa0
Bvh3-Ukh6
Ukh6-Sya1
Sya1-C_f2
Skq1-Jva2
Iny1-G_f4
G_f4-H__5
Rlh3-Ert0
G_f4-Ert0
Yrf3-Iau4
Ert0-Xuv8
Xuv8-Ugg9
Ugg9-Wqf5
Wqf5-Wot3
Wot3-Vfb3
Vfb3-Drb1
Xuv8-Nuj6
Nuj6-Bwz5
Bwz5-Ez_3
Vil7-P_z5
P_z5-Dha3
Dha3-Hzn8
Nuj6-Hzn8
Jei0-Fbr0
Fbr0-Dpf8
Dpf8-Kph6
Hzn8-Kph6
Xc_8-Oo_7
Oo_7-Xmf3
Xmf3-Hoq1
Hoq1-Gqz2
Gqz2-Tof0
Xlk8-Sdy2
Xmf3-Sdy2
Sdy2-Sos7
D_y2-Nt_7
Nt_7-Z__8
Pe_7-Gdk7
Yec9-Baq8
Pe_7-V__8
V__8-Ygh6
Ygh6-W_k7
Zve5-Pkp0
Pkp0-Ffr6
Jwd0-Ffr6
Ffr6-Kab7
H_y7-Rqn0
Rqn0-Mo_1
Mo_1-Mft6
Kab7-Mft6
Ift5-Rpn5
Svw0-Ekx1
Ift5-Ekx1
Ekx1-Tnr5
Tnr5-Vhj5
Ekx1-Gmu2
Gmu2-G_w0
G_w0-Mas0
Mas0-Srf6
Srf6-Crh1
Tdi3-N_w5
N_w5-Ous2
Wvx3-G_h9
Clq8-Xed3
Khf5-Zdo9
Zdo9-Zv_3
Xed3-Zv_3
Zv_3-Eg_5
Zv_3-Joh2
Joh2-Dug7
Etj2-Xvn3
In_5-Dmk3
Dmk3-Ccm7
Ccm7-Rcn1
Cyy1-Mmw6
In_5-Mmw6
Mmw6-Fkv9
Fkv9-Vne7
Mjg5-Eg_2
Eg_2-Krx6
Mmw6-Iej6
Sam7-Xot8
Mig4-Gwm2
Gwm2-Uof6
Uof6-Ngb1
Iej6-Ngb1
Vfc7-Jka9
Tdz9-Hhm2
Hhm2-Bit9
Rts5-Noz9
Noz9-Ngk1
Mwp8-Ngk1
Axf2-Eyw0
Qky3-Xjf8
Xjf8-W_u5
Cfm0-Tma8
Tma8-Ml_6
X_s3-Qet5
Qet5-Dyq7
Qkk7-Qpv2
Ejx0-Bwr1
Pnd1-Kua5
Kua5-Wht9
Udj6-Rsa4
Rsa4-Mcr3
Mcr3-Mfl6
Mfl6-Qmt9
Qmt9-Ejg9
Ejg9-Nwp4
Zvz9-P_t6
P_t6-Hig3
Tey0-Aib9
Aib9-Qnh7
Oxz8-Qnh7
Nvh6-Pvn2
Qnh7-Hwv8
Xgx3-Yyt0
Enm7-Kg_6
Kep8-Ggr1
Ggr1-Ahu0
Ahu0-Two7
Kg_6-Two7
Vmg0-Ejq3
Ejq3-Bln0
Bln0-Afs3
Afs3-Jsu5
Uup9-Esh5
Esh5-Dof1
Wli1-Mih0
X__2-Qvl8
Qvl8-E_h4
E_h4-Ix_0
Pmh5-Wqq7
Qcc2-Yt_5
Ix_0-Myc4
Vmr7-Ild1
Uuf6-Hrs4
Myc4-Hrs4
A__1-Ulb6
Ulb6-Oax4
Oax4-Ehc5
Ehc5-Xnv8
Xnv8-K__5
K__5-C__8
C__8-Kge7
Kge7-Jlx1
Jlx1-Yxy7
Jzo6-Xbj6
H_l8-Ojk2
Xbj6-Ojk2
Koo9-Rpw9
Rpw9-U_v0
Dni3-Oay1
Oay1-Uno3
Rki0-Qqw0
Bpi2-Ciy9
Ciy9-Flq7
Flq7-Gyi5
Tgn7-Rmz4
Qqw0-Rmz4
Qjb4-Kic6
Ijn8-Dhp4
Edb5-Run1
Run1-Stk6
Zlh1-Qwa0
Gwl2-Pmc9
Pmc9-Fb_9
Fb_9-Cyq5
Cyq5-J_o0
J_o0-Rpp0
Hln5-Hi_7
Fb_9-Rcc0
Rcc0-Cix5
Edl3-Mft6
Rcc0-Mft6
Ift5-Iig1
Gvt3-Iqf8
Iqf8-Jcl1
Ift5-X_i1
X_i1-Cfu9
Mtt8-Wsl6
Wsl6-Evk7
Evk7-Paa2
X_i1-Exv2
Azi6-J_e8
J_e8-Nha8
Ipg2-Yv_6
Fqz3-Vpo7
Bla3-Cm_7
Ioi2-Uuf3
Fqz3-Uuf3
Qg_5-Pxd0
Uuf3-Hv_3
Hv_3-Smr8
Smr8-Gmv5
Fhh2-Qkp7
Hv_3-Qkp7
Klf8-Apo1
Fad5-A_s3
Apo1-Ebx5
Ebx5-Xsb2
Saq6-Cnw3
Cnw3-Zol6
Zol6-Eye0
Eye0-Agg4
Dy_1-Epp8
Epp8-Rxb9
Xgi9-Kup7
Kup7-Cpq4
Rxb9-Cpq4
Ctb9-Ara6
Pbv7-Hnh6
Piw3-Hix4
Ara6-Ocz2
Rak0-Uxl3
Uxl3-Ujp0
Zqc7-Mif9
Du_9-Eng4
Mif9-Eng4
Eng4-Wac9
Ct_6-Nwr8
Nwr8-Qn_3
Qn_3-Rke3
Rke3-Hef0
Pjs8-Rkn0
Rkn0-Rbj6
Hef0-Rbj6
Rbj6-Fni4
Vgc0-Ytf7
Ytf7-Hom7
Oaj1-P_f2
Jxo6-Ui_8
Ui_8-Ulx4
Ita9-Wvi2
Ui_8-Wvi2
Jxh0-Wxn1
Wxn1-Yyj6
Yyj6-Umh4
Nlq3-Awt3
Awt3-Ulr3
Ulr3-Ujf7
Ujf7-Xra2
Xra2-Bhb6
Bhb6-Quy3
Xvc9-Tfk2
Tfk2-Gkz9
Xsk5-Ztf5
Xvc9-Yu_7
Vaw6-Yye6
Yu_7-Bzk1
Naf0-Nyr0
Nyr0-U__4
Egy5-Q_i2
Jhb9-Iwi9
Fmg5-Ymg8
Rom6-Cia1
Cia1-Nz_6
Nz_6-Yrb8
Ymg8-D_a4
Bzs4-Sza8
Sza8-Mft6
D_a4-Mft6
Ift5-S__1
Ift5-Pvy7
Xtx5-Tq_3
Tq_3-Pjw8
Pvy7-Pjw8
Pjw8-Zdd7
Zdd7-B_j2
Ya_5-Qzl2
Qzl2-Ycz7
Ycz7-Qzk8
Ate0-Zpr2
I_q1-Gie3
Gie3-Tuu6
Ug_3-Fsu7
Cud5-Ehm8
Ehm8-Saj3
Fsu7-Saj3
Saj3-Xck0
Xck0-Ir_4
Ir_4-K_b6
K_b6-Xb_3
Xck0-Xb_3
Xb_3-Zpt4
Zpt4-Cgi7
Cgi7-Aqw7
Xb_3-Jrl3
Jrl3-Bjb9
Bjb9-Aa_6
Rww5-J__5
Jrl3-J__5
Tyi7-Cj_6
Cj_6-Zhk7
Zhk7-Ro_4
Ro_4-Srg7
J__5-Srg7
Srg7-A_o2
Fdi6-Nry5
Nry5-Ipk7
Ipk7-Gen8
F_d1-Zia5
Fxt8-Gv_2
Gv_2-Oue3
F_d1-Njn6
Fon1-T__2
T__2-Yvl6
Yvl6-Kio7
Njn6-Kio7
Kio7-Kug9
Kug9-Gif9
Gif9-Jkt1
Fzs8-Me_2
Me_2-K_t5
Wud9-Dxh0
Dxh0-Kaz6
K_t5-Gov2
Gov2-Ai_1
Jmi6-Rv_7
Rv_7-Wbw3
Wbw3-Xfi2
Xfi2-Coq8
Coq8-Vsz4
Vsz4-Qqi9
Tqr2-Dxs8
Ihv3-Acz0
I_v3-Spc4
Spc4-Jyp8
Jyp8-Eoa5
Eoa5-Rxz6
Rxz6-Kpt0
Zaj6-A_r6
Jyp8-Qdw7
Qdw7-Iv_8
Cuy2-Fzt3
Fzt3-Dh_7
Dh_7-Avx7
Avx7-T_n0
Dfu7-Mqj7
Vxt5-Mqj7
Mqj7-Avi2
Avi2-Yq_4
Yq_4-Qme3
Qme3-Mgk1
Mgk1-Zqq5
Mqj7-Tct3
Tct3-F_t5
Yqz8-Bxn7
Rkl1-Rni6
Pgv6-Vwm0
Hjl4-Xsv9
Pgv6-Xsv9
Xsv9-Jcf5
Jcf5-Oip8
Oip8-Cws0
Cws0-H__7
Dwb8-Y_q2
Pz_6-Mmb6
Mmb6-Mn_9
Mn_9-Fmr7
Fmr7-Ngb0
Jr_8-Ctu9
Ctu9-Zwa3
Oig8-Pqh0
Fmr7-Pqh0
Pqh0-Ylt2
Xrw5-Mdu8
Ffx3-Ois2
Jtb8-Mft6
Mdu8-Mft6
Ift5-Gzo2
Ift5-S_e1
S_e1-Qty7
Tk_5-Mpd5
Mpd5-Rbz3
S_e1-Igt7
Igt7-E_d1
Xjy2-Rnq4
Nne7-Xwm4
Xwm4-Ny_2
Or_2-Ny_2
Cm_3-Clh4
Wkk8-Ngt8
Ny_2-Ngt8
Ngt8-Nge6
Nge6-Sss5
Gmc1-Abx8
Abx8-Osq9
Osq9-Afx1
Xhf3-Yxu0
Bnf1-Ikg9
Afx1-Hnd5
Hwy4-Yrf2
Yrf2-Ytw6
Hnd5-Ytw6
Dnh7-Cbb2
Ytw6-Cer1
Inh3-Z_j0
Cer1-Zen0
Atc6-Ynk9
Zen0-Vmf6
Vmf6-Hpz1
S_n0-Jau5
Jau5-Bfp8
Bfp8-Nuq3
Ihs1-Elz0
Elz0-V_l1
V_l1-Fnh7
Fnh7-Z_g5
Z_g5-Jxw7
Cby0-Z_c6
Z_c6-Nih3
Fnh7-Nih3
Nih3-Jtz2
Jtz2-Jyb3
Jyb3-Zvu3
M__9-Stu0
Oam5-Dee5
Dee5-Emq7
Emq7-I_u7
Wus0-Wds6
Wds6-Ips8
I_u7-Ips8
Tdc4-Zhh9
Zhh9-Gd_8
Tnl4-Va_9
Czo6-Vub5
Vub5-Ahf0
Xzr0-Inr7
Z_t9-Inr7
Wxi0-Hkk5
Inr7-Maf7
Glm8-Hgv6
Sfe3-Eub1
Eub1-T_l7
T_l7-Yqe3
H_g6-Hje5
Yqe3-Vka6
Jrr4-Pnc4
Tqh4-Byt5
Byt5-Rcs5
Chk5-H_h8
H_h8-Yzi7
Yzi7-Avv4
Nsc6-Qfg1
H_h8-Qfg1
Qfg1-Jvr5
Qfg1-Dev4
Rvy3-Jmb7
Eyz8-Zgl6
Zp_2-Uvl5
Iev3-P_x7
P_x7-Anb1
Anb1-Wib0
Wib0-Wkt8
Wkt8-Pmq3
Anb1-Pmq3
Pmq3-Gnx0
Gnx0-Cw_1
M_y4-Qar7
Pmq3-Qar7
Qar7-Xe_6
Y_u7-Xel5
Xel5-Vqq7
Yam8-Nca7
Icb4-Nyt3
M_z8-Qqg8
Nql5-Gc_7
Gc_7-Biq0
Nql5-Gho3
Gho3-Zzn3
Xfc1-Jxj6
Jxj6-Cbq6
Cbq6-Gef7
Gef7-Cdy1
Gho3-Cdy1
Cdy1-Itr8
Itr8-Ihw3
Zkj8-Axi2
Axi2-Ykx3
Ykx3-Whj1
Whj1-Aeu6
Jvv3-Cbq2
Cbq2-Cnu4
Cnu4-Hbd7
F_c7-Hdq3
Ak_9-P_d4
P_d4-Nnp9
Nnp9-Itm5
Nof3-Den7
Den7-Ret7
Itx6-Utj9
Zkf7-Ql_6
Hea1-Dkm7
Zkf7-Dkm7
Wwu9-Spc9
Spc9-Mtt5
Mtt5-Ysn9
Ysn9-Wso2
Ahj2-Pvf5
Pvf5-Baz6
Baz6-Tkj8
Tkj8-Ngg9
Ngg9-Dqf9
Cqb0-Yz_4
Ngg9-Yz_4
Yz_4-Njx5
Hue3-Sff8
Sff8-Ygw9
Qju7-Kyj6
Sff8-Kyj6
Ad_9-Csj1
Csj1-Wtl9
Csj1-Ihz8
Ihz8-Zak3
Mqi3-Zhn1
Kix3-Zmv7
Frr4-Y_u1
Nej7-Pow4
Pow4-H__8
H__8-G_a4
Iwz9-X_x7
Ytv7-J_r5
H__8-J_r5
J_r5-Jat8
Aam3-Tzh3
Tzh3-Bnp7
J_r5-Bnp7
Bnp7-Fp_8
Bmt7-Mv_2
Cuc9-Nh_7
Nh_7-Iwf0
F_a8-Duu2
Duu2-Cs_5
Oyn8-Wzz6
Wzz6-Uwe9
Uwe9-Bnt0
Cs_5-Bnt0
Bnt0-Opw8
Opw8-Tr_3
Tr_3-Izi3
Bnt0-Izi3
Fhu7-Ewr0
Yvx9-Hz_8
Hz_8-E__6
E__6-Zp_9
Zp_9-Mn_3
Mao0-Mn_3
Zjk9-Omr2
Omr2-Rae8
Vzg4-Hsc9
Hsc9-Z_c8
Mn_3-Z_c8
Z_c8-Dvq3
Odp2-Ztu8
Ztu8-Jqc9
Z_c8-Jqc9
Obo8-Aob8
Aob8-Cek1
Jqc9-Cek1
Jjl3-P_i4
P_i4-Crq2
Ncs0-Miq8
Gig6-Obg5
Obg5-Kdt7
Ncs0-Kdt7
U_e7-Dfx1
Rcc5-Ce_5
Ce_5-Kqp5
Kqp5-Phc9
Phc9-Ssr5
O_y6-K__0
K__0-Raj9
Raj9-Kl_4
Dsr2-Mft6
Ift5-Hre7
W_f1-Upy0
Upy0-G_w3
G_w3-R_l0
Ytz8-Zfn7
Zfn7-Gkt7
Gkt7-Xwx4
Xwx4-Yzn7
Yzn7-Wpf9
Wpf9-Cun2
Ytz8-Cun2
Cuz2-Ucq4
Htf0-Pen7
Umf3-Xap3
Ulq7-Dbh7
E_i9-Dfw3
Dfw3-U_f4
U_f4-Xzl6
Xzl6-Qzy6
Ssj5-Mup8
Sml8-C_j8
Jjs6-Klr4
Klr4-Fk_2
Fk_2-Fqe8
Dxz8-J_v2
Ypy9-Flu6
Flu6-Jlk7
Jlk7-Jjv5
Jjv5-Joo7
Joo7-Oy_2
Czl7-Nut5
Sha7-Flm8
Flm8-Npu3
Oy_2-Agt8
Agt8-Elu8
Elu8-Peu2
Peu2-Nkp9
Nkp9-Y_x3
Agt8-Y_x3
Okj6-Fot9
Jql2-Cin5
Z_p1-Big6
Awb0-App0
Jzl7-Ovf2
Ovf2-Hoj5
Hoj5-Owt0
App0-Owt0
Bvl6-Flv7
Wr_5-Mkb3
Sbj2-Fon9
Fon9-Tzl0
Tzl0-Upj0
Upj0-Mtj6
F_s2-Z_n9
Z_n9-Tfr7
Mtj6-Tfr7
Tfr7-Yio7
Yio7-Ws_3
Ws_3-Mec7
Mec7-Jmg0
Jmg0-Rm_6
Kcp7-Vbf9
Vbf9-Tkp9
Icj0-Qxo0
Qxo0-Ew_5
Ew_5-Xln7
Omy4-Iry9
Iry9-Awi3
Omy4-Djb1
Djb1-Uyd7
Uyd7-Mga1
T_t9-Kai4
Kai4-Iyr2
Qdp5-Ueb1
Ueb1-Zeb3
Tpp5-H_p4
Rmn1-Wfd4
Wfd4-Mbm0
Nzy3-Isn2
Isn2-Taa8
Taa8-Tyy7
Tyy7-Gkz3
Rns8-Pxx3
Om_6-Hsd7
Zof7-Zti4
Zti4-R__3
R__3-Cwe3
Nqu8-Z_j4
Cwe3-Cy_9
Cy_9-Yfq9
Gam4-Rli9
Cy_9-Zrv6
Zrv6-Z_g3
Z_g3-Yvt6
Yvt6-Qne3
Zrv6-Gdn8
Gdn8-Jud8
Jud8-Fzn1
Fzn1-Cdm6
Gdn8-Cdm6
Fsr6-Ef_6
Ddw2-Mft6
Ift5-Bc_0
Bc_0-Acq4
Acq4-Mvb1
Mvb1-Adf6
Gcp7-Jms5
Jms5-Swc3
Swc3-Omg2
Omg2-Cym3
Jms5-Cym3
Gzs1-Jev0
Jev0-Hc_2
Cym3-Hc_2
Hc_2-Gul0
Aax7-Mc_0
Hc_2-Spm2
Xon2-Pjw2
Spm2-Wbm9
Wbm9-Cxn7
Cxn7-Gwq0
Gwq0-Edr9
Woh5-Tbu2
Tbu2-Obw0
Oeh5-Obw0
Obw0-Z_c3
Qnt5-S_g5
Obw0-Dgb7
Dgb7-Nwy6
Nwy6-Ggz5
Ggz5-Qus4
Dgb7-Xht4
Xht4-Kqh9
Uty4-Jdq9
Jdq9-Rmx7
Gli5-Hdk4
Hdk4-Cvl9
Cvl9-C_h1
C_h1-Ay_5
Ay_5-Jkz9
Gli5-Jkz9
Jkz9-Dyi9
Eju8-Afb7
Afb7-S_t0
Jkz9-S_t0
S_t0-Ewo7
Ewo7-Xmd6
Xmd6-Tcd6
Tcd6-Gwb9
Gwb9-Kla4
A_k5-Eph9
Eph9-Duy5
Duy5-Vph8
Gwb9-Vph8
Dyd4-Tot5
Tot5-Yqd1
Kwr4-Yqd1
Yqd1-He_9
Yqd1-Njr2
Njr2-H_x4
Srw7-Xrh8
Xrh8-Jwz9
Yur7-Zsp6
Mkp4-Kje6
Kje6-Ko_3
Ko_3-Kbt3
Zsp6-Kbt3
Kbt3-Mpe7
Mpe7-Ah_1
Mpe7-Dfr6
Dfr6-Fzp2
Fzp2-Yg_6
S_k6-Cjo4
Cjo4-Umb6
Gdt3-Umb6
Ihk1-Mft6
Yyc9-Cwg2
Fy_8-Pgg9
Pgg9-Ekj3
Ekj3-Zov0
Fy_8-Zov0
Hfd5-Wbz8
Wbz8-Hnx9
Zov0-Hnx9
Uiu9-Mgi8
Hnx9-Euj5
Euj5-S_w1
Okc5-Ced2
Ced2-Moq6
Enr0-Gjt2
Gjt2-Azn8
Azn8-Qx_3
Qx_3-Dya8
Ypb6-Sjk7
Qx_3-G_o6
Nzf3-Ibo7
Zwg8-Nxe3
Nxe3-Dcs7
Boi7-Ub_7
Ub_7-Rna4
Hyz1-Zes1
Ub_7-Nwi8
Nwi8-Acs3
By_0-Iip1
Xru9-Exj8
Mf_1-Ozo7
Iip1-Ozo7
Ozo7-Kor0
Vie6-Sig4
Owc5-Qzd5
H_m6-Tuf5
Tuf5-U_j8
U_j8-Jgv3
Uab9-Qff3
Zwl2-Y_k2
Y_k2-Ydq4
U_j8-Ydq4
Ydq4-Hw_3
Tzp8-Nsv1
Ydq4-Be_8
Be_8-Aqi8
Qeu9-Pjg9
Be_8-Pjg9
Pjg9-Jcf9
Pjg9-Mat0
Mat0-Akv5
V_s3-S_p8
Hwc4-Utk5
Bcq5-Mft6
S_p8-Mft6
Uuf7-Nul5
Nul5-Ore9
Ore9-Hkq8
Amg6-Myl8
Myl8-Xst3
Hkq8-Xst3
Qss1-Iot1
Xst3-N_k6
N_k6-Vaj6
Wrk7-Dwc6
N_k6-Dwc6
Dwc6-Jhq9
Gpy1-Zvs8
Zvs8-Owa6
Byj6-Tqs2
Tqs2-Egr5
Oto9-Ujx4
Ujx4-D_w7
Gbz8-Vey0
Oto9-Vey0
Bzv6-Q__7
Q__7-Pxj9
Pxj9-Fdn1
Fdn1-Dyb0
Bzv6-Dyb0
Dyb0-Adq0
Dyb0-V_d6
Bmf4-Zuc2
Zuc2-Mm_2
V_d6-Mm_2
Mm_2-Odu8
Nkq6-Ghg0
Gur1-Pqt9
Mm_2-Gij4
Gij4-Zzf0
K_o5-Hqp1
Gij4-Dlg4
Jqc2-Cxj2
Cxj2-Mvg6
Mvg6-Cah3
Cah3-Rim0
Cvl1-Oky4
Svw9-Nca1
Nca1-Pbd5
Efr7-Ybd4
Q_m6-Rst3
Vrd6-Rmi0
Dbw2-Agw7
Akk1-Xao1
Xao1-Dcy9
Dcy9-Esf5
Esf5-Dfn1
Dcy9-Blp2
Blp2-J_c2
Jam3-Ctc0
Isg2-Ctc0
Bnq0-Cmi2
Ctc0-Rjv2
Hnr5-Ibk8
Ibk8-Rst7
Rst7-Khm8
Xsa2-Tk_0
X_r7-Cgu8
G_a5-Knr0
G_a5-Bgg5
Bgg5-Zij6
Zij6-Tse2
Tse2-Rwo5
T_r4-B_z0
Etq5-Fju8
Krd0-Ntf0
Ntf0-Bu_9
B_z0-Bu_9
Rfw8-Ds_1
Ds_1-Qsc2
Dbe8-Dwi5
Dwi5-Rro3
Qfi5-Rro3
Y_w2-Wtj7
Wtj7-Oju3
Myb8-Cdr9
Ryk7-Ahm9
Kf_1-Dpd5
Rfy0-Grg2
Rfy0-Mft6
Edo6-Egw5
D_p5-Oof6
Gue4-Ajt9
Myl6-Oyk5
Oyk5-Huv3
Huv3-Nyo0
Nyo0-Ptr9
Gue4-Ptr9
Yk_7-Hit3
Ez_6-Aud1
Aud1-Tkn7
Ngc3-Mcs8
Tkn7-Osj7
Fxg6-Vt_0
Xcf7-Rfd8
Rfd8-Qmb6
Vti5-Yhc3
Yhc3-Nmg7
R_s6-Cej5
Prq7-Meq4
Hit0-Wjp1
Wjp1-Hbm7
Hbm7-Wao2
Wao2-Rrm5
Vcn5-Qnr4
Qnr4-Hio2
Hio2-Ccf6
Mfr2-Oty0
Oty0-Fpx3
Fpx3-Kiq5
Hio2-Kiq5
Ytc3-Qll1
Kmj6-Ior6
Vnt0-Tw_1
Ige6-Vbv0
Arr5-Ii_3
Mos3-Wwj9
Wwj9-Ctn7
Ctn7-Bew3
Wyg7-Ptf8
Bew3-Ptf8
Gog8-X_z7
Ptf8-Dve7
Dve7-Aie9
Aie9-Ppi9
Ktt6-Dnt8
Dnt8-Dht4
Ifg7-Ddt4
Ddt4-Xv_3
Xv_3-Bea6
Dht4-Bea6
Bea6-Uor5
Bon3-Nbm1
Msc7-U_q2
Mtj0-Qmn8
Qmn8-Cwh6
Cwh6-Psa5
Psa5-Fbr7
Xyb5-Fll7
Fll7-Jxk4
Cwh6-Qyj3
Sej1-Q_z0
Tcw1-Orq6
Orq6-Quu8
Sho0-Ot_9
Tvx7-Ot_9
Axy6-Wow8
Wow8-Trx9
Ot_9-Trx9
Bes9-Ehk5
Ehk5-Jsj9
Trx9-Jsj9
Jsj9-Op_7
Op_7-Iek1
Wtd9-Kcj3
Xgp9-Pap9
B_s6-Jxm8
Oqf5-Ezn9
Das9-Pys9
Pma5-Bzh7
Ezn9-Bzh7
Kzb4-Vvc8
Vvc8-Ob_3
Ob_3-Pdp3
Pdp3-Tcl1
Om_4-Mft6
Ob_3-Mft6
Ift5-Aoe6
Jgn8-Usa8
Usa8-Vf_9
Vf_9-Ygp0
Ygp0-Phj7
Whv9-Eyz0
Eyz0-Ul_2
Ul_2-Buw9
Buw9-E_y3
U_p5-Tds9
Tds9-Bvc6
Mx_4-Ixe2
Ixe2-Scj3
Scj3-Enr8
Ida0-Jds1
Jds1-Ubs8
Ubs8-Mfd0
Twe0-Agg8
Agg8-Cvh4
T_g7-Ygg3
Ygg3-Tdr6
Bzd8-Wau5
Wau5-Biz9
Biz9-Mrd8
Pkf5-Pss6
Q_m3-Pfs6
E_u4-Vjq7
Cwg6-Cn_8
Cn_8-Yhw1
Fsg9-Dzu4
Iyw8-Qhd3
Gjp0-K_p6
X_v5-Xyi2
Xyi2-P_q4
P_q4-Uev3
Uev3-Vxn2
Vxn2-Opp2
Opp2-Xwd2
Xwd2-Kox2
Kox2-D_a2
D_a2-Ryx2
Zwf4-Snd4
St_5-Obu1
Dro1-C_s9
C_s9-Mgc3
Imy9-Rym1
Rym1-Wth0
Wth0-Jtz4
Ift5-Dcm8
Ijb9-Mcg3
K_s3-Cjy5
Wpb6-Axt6
Axt6-Dmu6
Bmb5-Oed2
Oed2-Jyp5
Djy5-Ga_3
H_s1-Vjd9
Ubg4-Bbn5
Bbn5-W__3
W__3-Ote1
Rgz4-Cwr7
Cwr7-Eef9
Eef9-I_s8
Yy_6-Poq0
Srp7-Vmj9
Nhq3-Qau9
Pl_3-Ee_2
Yf_1-Qts7
Qts7-U_a3
U_a3-Pgd8
Pov0-Iqy0
Esu6-Zab8
Smt2-Ajd5
Qe_6-Tq_4
Tq_4-Ta_7
A_g8-Xor8
Xtu8-Dx_0
Rh_6-Iro4
Iro4-N_k0
Vis5-Afe8
Ety1-Po_0
B__6-Wxz4
Wxz4-Nmf3
Gcx3-E_b4
Etp7-Nam9
Nam9-Xah3
Xah3-Tv_8
Tv_8-Cgl3
Dds4-Xhm1
Xhm1-Zhu9
R_f9-Tyi5
Zgh7-Xre3
Mnd8-Pgk1
Uiv1-Xhn7
Eog0-Esz9
Esz9-Zcs9
Zcs9-Bra5
Bra5-Vpl3
Dgx2-Yxu0
Mkp4-Ppg5
Tfr7-Jei0
Rje3-Mup8
Klr4-Bys6
Ehc5-Jtb8
Kqh9-Nzy6
Myl6-Cfu9
Tdz9-W_h4
Zdo9-X_o6
Vbv0-Hdk4
Nsc6-Gdt3
Zqq5-H_h8
Zmv7-Nim1
Icj0-Glm8
Esf5-Mtt5
Jhb9-Hxs4
Qg_5-E_i9
Vph8-Efr7
Wfb3-Frh5
Wtd9-Gbi8
Wap5-Ntf0
Hn_4-F_o5
Cia1-Myb8
Clq8-Y_u7
Sff8-Yg_6
Oso9-Wkv9
M__9-W_x0
Q_i2-Das9
Hrs4-Cs_5
Hw_3-Rhc1
Awt3-T_r4
Dgx2-Jez0
Fk_2-S_g5
S__6-Czo6
Mtt8-Huv3
Jtz2-Vbq3
Qkp7-Dug7
Iwz9-Yu_7
Fju8-Isn2
Uqv7-Ddt4
Ytv7-Vaw6
Jei0-Mtj0
Wec3-Gkz9
Tot5-Qsi2
V_d6-Zen0
Rro3-Iwi9
Ybd4-Je_6
Fon9-G_h7
Isn2-Kcj3
Jev0-Mcs8
Nry5-Gur1
Xlk4-Edl3
Dm_3-Xht4
Crr4-Zsp6
Piw3-Hnh6
Hea1-Xuv8
Nwr8-Crr4
Pis5-K_b6
Qzk8-Yv_6
Qg_5-Dfw3
Uzm8-Pbd5
Znc3-Cwh6
W_g5-Xxt7
M_p2-Pyy6
Ihk1-Gdk7
Boi7-I_i8
Qme3-Wiy8
Ctu9-Nh_7
Rra0-Flv7
Swi1-Dfr6
Ehm8-Ybt7
Gog8-Dgi1
Rmx7-Aeu6
Cnu2-Ulb6
J_h4-Rlz3
Z_a3-Ytz8
Ybd4-Wds6
Edl3-Kl_4
Arr5-Okj6
Njn6-Jqc2
Auu6-Rfs8
Qqq1-Cbq6
Ir_4-Kue8
Hzf9-Poi4
Muc2-Oju3
Wbz8-Hit3
Dbw2-Ocz2
Fad5-Cgi7
Ynk9-Dec9
Qnh7-Kyj6
Acz0-Blp2
Ppi9-Vph8
Ptm7-I_a5
Nq_6-Frr4
Tqr2-Oio1
Ixb4-Hbv0
Ko_3-Pnd1
Zia5-Kup7
Zox4-Gmv5
Wzg2-Fb_9
Gwq0-Aue4
Ajw0-Pdp3
Svb3-Feu5
Dcy9-Srw7
Y_k2-Sjq5
Jbn1-Hhm2
Ub_7-Flm8
Ngc3-Nha8
Owt0-Usr0
Nwp4-Iry9
Tey0-Khm8
Ubh7-Nc_0
Ahl9-Zen0
Dfx1-Gwl2
Zql4-Ara6
Ypt8-Opr8
Fzn1-Hkz7
Iwf0-Myc4
Xmd6-Xgc4
Sbw2-B_u5
Mmw6-Vne7
Qmn8-Dyq7
Fsr6-E__6
Maf7-Isb3
Ccf6-Flu6
Nfq3-Sod0
Ahu0-Ihk1
Xe_4-Ibo7
Zhk7-Rna4
Flm8-Jou5
Xgp9-Ygh6
Elz0-Iip1
Sos7-X_r7
Ntf0-Vmg0
Aur5-Tnr5
Awt3-Mqi3
Tbu2-Hit0
Ewr0-Izi3
Ygw9-Pnc4
Nnu6-Rje3
Fxg6-Ug_3
Njr2-Bl_2
Jsk1-Ajf4
Vfa2-Nyt3
Dnt8-Kaz6
Gov2-Qvr1
P_z5-He_9
Dyq7-Dcy9
I_m2-Xxh0
Wyx1-Xuv8
Va_9-Mtj6
Mkq7-Dwi5
Ihw3-Ytc3
Pxj9-Qqd0
Vpi9-Q_m6
Elz0-Vfc7
Umb6-Op_7
Ejx0-Fll7
Mup8-Yps9
Aob8-Ciy9
Yxu0-Eg_5
Zrk5-Wjp1
Meq4-Ccd6
Nge6-X_o6
Xhr4-Vil7
V_u2-Xru9
G_r6-Rlh3
Bvz8-C_j8
Yrz2-Tyi7
S_n0-Nkp9
Rlz3-Gue4
Hv_3-Bnf1
Bmf4-Ub_7
S_l8-Syd2
Okc5-Ack6
Bvz8-Jjs6
Jgv3-B_i1
Hxs4-M_f2
Hbv0-Uce6
Wau5-Igc0
Zlh1-Yuq5
Ujf7-Cjm4
Gue4-Vhw1
Kua5-Fkk4
Feu5-Plx3
Gen8-Wns7
Qhd3-Xuy1
Ocz2-Xmk5
A_k5-Zhq9
H_m6-Upp4
Ujf7-Wno2
Awt3-Pve5
Iau4-Ame3
Hwc4-X_d8
V__8-Sam3
Zwf4-Omm2
Aoe6-Syp9
Rsa4-Kwc8
Yxu0-Jxp9
M_f2-Mwm1
Ylt2-Igb2
Gjc2-Bnd5
Vne7-Jcm9
Ewp0-Ipc6
Zvz9-Eml6
Aax7-Tjc8
Hie6-Sco7
Bxq8-Gyd6
Hef0-Cca3
Wus0-Iyx9
W_a0-Rwc6
Omr2-Gkq7
Aob8-Rmy9
Qff3-Vag5
Rra0-Hfn2
Flm8-Gst8
Vec2-Gjq4
Ajt9-Ypl0
Oty0-Ign5
Vag5-Jms0
Xra2-E_j9
Jtz2-Dhx8
Skq1-Ieg8
Mgi8-Vkc0
Vf_9-By_4
Rst7-Cvd3
Tgn7-Fkj9
Taa8-Mps2
Ihw3-Qpn3
Mwg7-Pjc6
Yrb8-Yhl6
Tk_5-Y_y0
Eye0-Yfq2
Kph6-Jep6
Qfi5-Kxw6
X_o6-Hr_3
Bzs4-Qxz7
Ny_2-V__7
Nz_6-Suc5
Fqe8-Tmb4
Fi_6-Qwf3
Dev4-Vgh6
Amg6-Usj0
Rlz3-Zlr2
Wsl6-Ccz6
Khf5-Zmx6
Pjw8-U_r4
Yhw6-Ub_4
Zgl9-Wgm9
Wpf9-W_u8
Ihs1-Il_7
Foi9-Qzr2
Gie3-Neg9
Wbw3-Ysb5
Ewo7-Kvk7
Npz8-Gda7
Zgh7-Dxc5
Hzf9-Isd1
Rww5-Fcq2
Zol6-Pr_8
Hnx9-Olv7
E_u4-Wvn4
Jhq9-Unl3
Ois2-Dum0
J__5-Ngr7
Fy_8-Boe8
Jgo8-Eld9
Yrf2-Rg_3
Ztn2-Ose6
Zaj6-Jye7
Wri8-Ysj3
Pow4-Kj_1
Nmp8-Obo1
Jxx2-Zxe3
Jsm9-Raa8
Hfn2-Owb2
Nbm1-J_r4
Nqu8-M_n1
Qsc2-Iiy5
U_v2-Qzc9
G_a5-Ecr1
Diu2-Bew7
Jr_8-Zvf2
Eoa5-Yji6
Yyd7-Zbz6
Qcn7-Upe2
Ccm7-Iov8
C__8-Xyh0
Gjn4-Dhh0
Fxt8-Tdy9
Srp7-Owv2
Ppi9-Fpj9
Fot9-Zof1
Fbr0-Dhc0
Dhp4-Qbt0
Dhp4-Gfk6
Gyi5-Cqc5
Bie5-Bcm0
Vgh6-Dso6
Meq4-Xu_3
Quy3-Fjg5
Yyj6-Qxv6
Das9-Bge2
Paa2-Urh9
Qeu9-Nhu1
Jsk1-Pxl7
Jta3-Hrq5
Orp0-Nfv4
Nwo8-Cpk4
Jcm9-Hk_1
Oen8-P_d0
Myc4-S_b8
Dgb7-D_h4
Ygw9-Fse1
Ddt4-Hou3
Xfm6-Dsn7
Ele7-Vo_0
Ida0-Gnw2
Cha9-Uri3
Cin5-Tlo6
Oz_7-Tat6
Xuy7-Rgr2
M_f2-B_x8
T_o3-Bzl9
Myc4-Xiv2
Gsg3-W__8
Jta3-E_e8
Pov0-Ozf5
Qbt0-F_p0
Wpf9-Yeh2
Vxe6-Qpn5
Omg2-Xes1
Wkt8-Tan4
Nps5-Sue7
Nwi8-G_g4
Myb8-Fsi2
Peu6-Kep7
Hwv8-Qvb9
K_b6-Sep0
Ret7-Jld8
Jyv4-Waw3
Kix3-Woz1
Nca1-Kgj7
Sam7-Tvt9
Jml4-Xqd8
Hpz1-Sxt4
Xyb5-Fl_6
Wlm8-Edn7
Raa8-Ql_7
Ckt9-Yyt2
Qyr3-Dcr4
Ghg0-Eng7
Ymg8-Tbb2
Cuz2-Ewj0
Xgp9-Wcx4
G_z8-Huo6
Maf7-Izr2
Ukb1-F_v0
Yyt2-Hjg4
Uor5-Vok6
Yyj6-Kvm4
K_o5-Smm1
H_f8-Ybu2
Qdw7-Gb_9
Ybu2-Gje3
Fbr7-Iyf6
Zov0-Htm5
Cer1-Ceh9
Pma5-Aif6
Nqx2-Fo_1
Ml_6-Pgr2
Fbc6-Gbf8
Xxt7-Api8
D_h4-Num4
Q_m6-Zko2
Kec1-Bfz8
Ffp2-Cxz4
Rpb8-O__3
Xgx3-Kfc1
Sdj0-Hda4
Ajt9-Sze3
Ieo2-Hex6
Gov2-Ctx7
Tyv8-Fpx0
#Here is the number of lines required: 61
